This is XeTeX, Version 3.141592653-2.6-0.999995 (MiKTeX 24.1 Portable) (preloaded format=xelatex 2025.6.28)  23 JUL 2025 11:03
entering extended mode
 restricted \write18 enabled.
 file:line:error style messages enabled.
 %&-line parsing enabled.
**./initial.tex
(initial.tex
LaTeX2e <2023-11-01> patch level 1
L3 programming layer <2024-01-04>
(elegantbook.cls
Document Class: elegantbook 2022/12/31 v4.5 ElegantBook document class

(C:\Users\Violet\scoop\apps\miktex\current\texmfs\install\tex/latex/fontawesome
5\fontawesome5.sty
(C:\Users\Violet\scoop\apps\miktex\current\texmfs\install\tex/latex/l3kernel\ex
pl3.sty
Package: expl3 2024-01-04 L3 programming layer (loader) 

(C:\Users\Violet\scoop\apps\miktex\current\texmfs\install\tex/latex/l3backend\l
3backend-xetex.def
File: l3backend-xetex.def 2024-01-04 L3 backend support: XeTeX
\g__graphics_track_int=\count183
\l__pdf_internal_box=\box51
\g__pdf_backend_object_int=\count184
\g__pdf_backend_annotation_int=\count185
\g__pdf_backend_link_int=\count186
))
Package: fontawesome5 2022/05/02 v5.15.4 Font Awesome 5

(C:\Users\Violet\scoop\apps\miktex\current\texmfs\install\tex/latex/l3packages/
l3keys2e\l3keys2e.sty
Package: l3keys2e 2023-10-10 LaTeX2e option processing using LaTeX3 keys
)
(C:\Users\Violet\scoop\apps\miktex\current\texmfs\install\tex/latex/l3packages/
xparse\xparse.sty
Package: xparse 2023-10-10 L3 Experimental document command parser
)
(C:\Users\Violet\scoop\apps\miktex\current\texmfs\install\tex/latex/fontawesome
5\fontawesome5-utex-helper.sty
Package: fontawesome5-utex-helper 2022/05/02 v5.15.4 uTeX helper for fontawesom
e5
LaTeX Font Info:    Trying to load font information for TU+fontawesomefree on i
nput line 69.

(C:\Users\Violet\scoop\apps\miktex\current\texmfs\install\tex/latex/fontawesome
5\tufontawesomefree.fd)
LaTeX Font Info:    Trying to load font information for TU+fontawesomebrands on
 input line 70.

(C:\Users\Violet\scoop\apps\miktex\current\texmfs\install\tex/latex/fontawesome
5\tufontawesomebrands.fd)))
(C:\Users\Violet\scoop\apps\miktex\current\texmfs\install\tex/latex/kvoptions\k
voptions.sty
Package: kvoptions 2022-06-15 v3.15 Key value format for package options (HO)

(C:\Users\Violet\scoop\apps\miktex\current\texmfs\install\tex/latex/graphics\ke
yval.sty
Package: keyval 2022/05/29 v1.15 key=value parser (DPC)
\KV@toks@=\toks17
)
(C:\Users\Violet\scoop\apps\miktex\current\texmfs\install\tex/generic/ltxcmds\l
txcmds.sty
Package: ltxcmds 2023-12-04 v1.26 LaTeX kernel commands for general use (HO)
)
(C:\Users\Violet\scoop\apps\miktex\current\texmfs\install\tex/latex/kvsetkeys\k
vsetkeys.sty
Package: kvsetkeys 2022-10-05 v1.19 Key value parser (HO)
))
(C:\Users\Violet\scoop\apps\miktex\current\texmfs\install\tex/latex/etoolbox\et
oolbox.sty
Package: etoolbox 2020/10/05 v2.5k e-TeX tools for LaTeX (JAW)
\etb@tempcnta=\count187
)
(C:\Users\Violet\scoop\apps\miktex\current\texmfs\install\tex/latex/base\book.c
ls
Document Class: book 2023/05/17 v1.4n Standard LaTeX document class

(C:\Users\Violet\scoop\apps\miktex\current\texmfs\install\tex/latex/base\bk11.c
lo
File: bk11.clo 2023/05/17 v1.4n Standard LaTeX file (size option)
)
\c@part=\count188
\c@chapter=\count189
\c@section=\count190
\c@subsection=\count191
\c@subsubsection=\count192
\c@paragraph=\count193
\c@subparagraph=\count194
\c@figure=\count195
\c@table=\count196
\abovecaptionskip=\skip48
\belowcaptionskip=\skip49
\bibindent=\dimen140
)
(C:\Users\Violet\scoop\apps\miktex\current\texmfs\install\tex/latex/setspace\se
tspace.sty
Package: setspace 2022/12/04 v6.7b set line spacing
)
(C:\Users\Violet\scoop\apps\miktex\current\texmfs\install\tex/latex/csquotes\cs
quotes.sty
Package: csquotes 2024-04-04 v5.2o context-sensitive quotations (JAW)
\csq@reset=\count197
\csq@gtype=\count198
\csq@glevel=\count199
\csq@qlevel=\count266
\csq@maxlvl=\count267
\csq@tshold=\count268
\csq@ltx@everypar=\toks18

(C:\Users\Violet\scoop\apps\miktex\current\texmfs\install\tex/latex/csquotes\cs
quotes.def
File: csquotes.def 2024-04-04 v5.2o csquotes generic definitions (JAW)
)
Package csquotes Info: Trying to load configuration file 'csquotes.cfg'...
Package csquotes Info: ... configuration file loaded successfully.

(C:\Users\Violet\scoop\apps\miktex\current\texmfs\install\tex/latex/csquotes\cs
quotes.cfg
File: csquotes.cfg 
))
(C:\Users\Violet\scoop\apps\miktex\current\texmfs\install\tex/latex/hyperref\hy
perref.sty
Package: hyperref 2023-11-26 v7.01g Hypertext links for LaTeX

(C:\Users\Violet\scoop\apps\miktex\current\texmfs\install\tex/generic/iftex\ift
ex.sty
Package: iftex 2022/02/03 v1.0f TeX engine tests
)
(C:\Users\Violet\scoop\apps\miktex\current\texmfs\install\tex/generic/infwarerr
\infwarerr.sty
Package: infwarerr 2019/12/03 v1.5 Providing info/warning/error messages (HO)
)
(C:\Users\Violet\scoop\apps\miktex\current\texmfs\install\tex/generic/kvdefinek
eys\kvdefinekeys.sty
Package: kvdefinekeys 2019-12-19 v1.6 Define keys (HO)
)
(C:\Users\Violet\scoop\apps\miktex\current\texmfs\install\tex/generic/pdfescape
\pdfescape.sty
Package: pdfescape 2019/12/09 v1.15 Implements pdfTeX's escape features (HO)

(C:\Users\Violet\scoop\apps\miktex\current\texmfs\install\tex/generic/pdftexcmd
s\pdftexcmds.sty
Package: pdftexcmds 2020-06-27 v0.33 Utility functions of pdfTeX for LuaTeX (HO
)
Package pdftexcmds Info: \pdf@primitive is available.
Package pdftexcmds Info: \pdf@ifprimitive is available.
Package pdftexcmds Info: \pdfdraftmode not found.
))
(C:\Users\Violet\scoop\apps\miktex\current\texmfs\install\tex/latex/hycolor\hyc
olor.sty
Package: hycolor 2020-01-27 v1.10 Color options for hyperref/bookmark (HO)
)
(C:\Users\Violet\scoop\apps\miktex\current\texmfs\install\tex/latex/letltxmacro
\letltxmacro.sty
Package: letltxmacro 2019/12/03 v1.6 Let assignment for LaTeX macros (HO)
)
(C:\Users\Violet\scoop\apps\miktex\current\texmfs\install\tex/latex/auxhook\aux
hook.sty
Package: auxhook 2019-12-17 v1.6 Hooks for auxiliary files (HO)
)
(C:\Users\Violet\scoop\apps\miktex\current\texmfs\install\tex/latex/hyperref\na
meref.sty
Package: nameref 2023-11-26 v2.56 Cross-referencing by name of section

(C:\Users\Violet\scoop\apps\miktex\current\texmfs\install\tex/latex/refcount\re
fcount.sty
Package: refcount 2019/12/15 v3.6 Data extraction from label references (HO)
)
(C:\Users\Violet\scoop\apps\miktex\current\texmfs\install\tex/generic/gettitles
tring\gettitlestring.sty
Package: gettitlestring 2019/12/15 v1.6 Cleanup title references (HO)
)
\c@section@level=\count269
)
\@linkdim=\dimen141
\Hy@linkcounter=\count270
\Hy@pagecounter=\count271

(C:\Users\Violet\scoop\apps\miktex\current\texmfs\install\tex/latex/hyperref\pd
1enc.def
File: pd1enc.def 2023-11-26 v7.01g Hyperref: PDFDocEncoding definition (HO)
)
(C:\Users\Violet\scoop\apps\miktex\current\texmfs\install\tex/generic/intcalc\i
ntcalc.sty
Package: intcalc 2019/12/15 v1.3 Expandable calculations with integers (HO)
)
\Hy@SavedSpaceFactor=\count272

(C:\Users\Violet\scoop\apps\miktex\current\texmfs\install\tex/latex/hyperref\pu
enc.def
File: puenc.def 2023-11-26 v7.01g Hyperref: PDF Unicode definition (HO)
)
Package hyperref Info: Hyper figures OFF on input line 4181.
Package hyperref Info: Link nesting OFF on input line 4186.
Package hyperref Info: Hyper index ON on input line 4189.
Package hyperref Info: Plain pages OFF on input line 4196.
Package hyperref Info: Backreferencing OFF on input line 4201.
Package hyperref Info: Implicit mode ON; LaTeX internals redefined.
Package hyperref Info: Bookmarks ON on input line 4448.
\c@Hy@tempcnt=\count273

(C:\Users\Violet\scoop\apps\miktex\current\texmfs\install\tex/latex/url\url.sty
\Urlmuskip=\muskip16
Package: url 2013/09/16  ver 3.4  Verb mode for urls, etc.
)
LaTeX Info: Redefining \url on input line 4786.
\XeTeXLinkMargin=\dimen142

(C:\Users\Violet\scoop\apps\miktex\current\texmfs\install\tex/generic/bitset\bi
tset.sty
Package: bitset 2019/12/09 v1.3 Handle bit-vector datatype (HO)

(C:\Users\Violet\scoop\apps\miktex\current\texmfs\install\tex/generic/bigintcal
c\bigintcalc.sty
Package: bigintcalc 2019/12/15 v1.5 Expandable calculations on big integers (HO
)
))
\Fld@menulength=\count274
\Field@Width=\dimen143
\Fld@charsize=\dimen144
Package hyperref Info: Hyper figures OFF on input line 6065.
Package hyperref Info: Link nesting OFF on input line 6070.
Package hyperref Info: Hyper index ON on input line 6073.
Package hyperref Info: backreferencing OFF on input line 6080.
Package hyperref Info: Link coloring OFF on input line 6085.
Package hyperref Info: Link coloring with OCG OFF on input line 6090.
Package hyperref Info: PDF/A mode OFF on input line 6095.

(C:\Users\Violet\scoop\apps\miktex\current\texmfs\install\tex/latex/base\atbegs
hi-ltx.sty
Package: atbegshi-ltx 2021/01/10 v1.0c Emulation of the original atbegshi
package with kernel methods
)
\Hy@abspage=\count275
\c@Item=\count276
\c@Hfootnote=\count277
)
Package hyperref Info: Driver (autodetected): hxetex.

(C:\Users\Violet\scoop\apps\miktex\current\texmfs\install\tex/latex/hyperref\hx
etex.def
File: hxetex.def 2023-11-26 v7.01g Hyperref driver for XeTeX

(C:\Users\Violet\scoop\apps\miktex\current\texmfs\install\tex/generic/stringenc
\stringenc.sty
Package: stringenc 2019/11/29 v1.12 Convert strings between diff. encodings (HO
)
)
\pdfm@box=\box52
\c@Hy@AnnotLevel=\count278
\HyField@AnnotCount=\count279
\Fld@listcount=\count280
\c@bookmark@seq@number=\count281

(C:\Users\Violet\scoop\apps\miktex\current\texmfs\install\tex/latex/rerunfilech
eck\rerunfilecheck.sty
Package: rerunfilecheck 2022-07-10 v1.10 Rerun checks for auxiliary files (HO)

(C:\Users\Violet\scoop\apps\miktex\current\texmfs\install\tex/latex/base\atvery
end-ltx.sty
Package: atveryend-ltx 2020/08/19 v1.0a Emulation of the original atveryend pac
kage
with kernel methods
)
(C:\Users\Violet\scoop\apps\miktex\current\texmfs\install\tex/generic/uniquecou
nter\uniquecounter.sty
Package: uniquecounter 2019/12/15 v1.4 Provide unlimited unique counter (HO)
)
Package uniquecounter Info: New unique counter `rerunfilecheck' on input line 2
85.
)
\Hy@SectionHShift=\skip50
)
Package hyperref Info: Option `breaklinks' set `true' on input line 126.
Package hyperref Info: Option `unicode' set `true' on input line 126.
Package hyperref Info: Option `bookmarksnumbered' set `true' on input line 126.

Package hyperref Info: Option `bookmarksopen' set `true' on input line 126.
Package hyperref Info: Option `colorlinks' set `true' on input line 126.
Package hyperref Info: Option `plainpages' set `false' on input line 126.
Package hyperref Info: Option `linktocpage' set `true' on input line 126.

(C:\Users\Violet\scoop\apps\miktex\current\texmfs\install\tex/latex/geometry\ge
ometry.sty
Package: geometry 2020/01/02 v5.9 Page Geometry

(C:\Users\Violet\scoop\apps\miktex\current\texmfs\install\tex/generic/iftex\ifv
tex.sty
Package: ifvtex 2019/10/25 v1.7 ifvtex legacy package. Use iftex instead.
)
\Gm@cnth=\count282
\Gm@cntv=\count283
\c@Gm@tempcnt=\count284
\Gm@bindingoffset=\dimen145
\Gm@wd@mp=\dimen146
\Gm@odd@mp=\dimen147
\Gm@even@mp=\dimen148
\Gm@layoutwidth=\dimen149
\Gm@layoutheight=\dimen150
\Gm@layouthoffset=\dimen151
\Gm@layoutvoffset=\dimen152
\Gm@dimlist=\toks19

(C:\Users\Violet\scoop\apps\miktex\current\texmfs\install\tex/latex/geometry\ge
ometry.cfg))
(C:\Users\Violet\scoop\apps\miktex\current\texmfs\install\tex/latex/tools\inden
tfirst.sty
Package: indentfirst 2023/07/02 v1.03 Indent first paragraph (DPC)
)
(C:\Users\Violet\scoop\apps\miktex\current\texmfs\install\tex/latex/comment\com
ment.sty
\CommentStream=\write3
 Excluding comment 'comment')
(C:\Users\Violet\scoop\apps\miktex\current\texmfs\install\tex/latex/fontspec\fo
ntspec.sty
Package: fontspec 2022/01/15 v2.8a Font selection for XeLaTeX and LuaLaTeX

(C:\Users\Violet\scoop\apps\miktex\current\texmfs\install\tex/latex/fontspec\fo
ntspec-xetex.sty
Package: fontspec-xetex 2022/01/15 v2.8a Font selection for XeLaTeX and LuaLaTe
X
\l__fontspec_script_int=\count285
\l__fontspec_language_int=\count286
\l__fontspec_strnum_int=\count287
\l__fontspec_tmp_int=\count288
\l__fontspec_tmpa_int=\count289
\l__fontspec_tmpb_int=\count290
\l__fontspec_tmpc_int=\count291
\l__fontspec_em_int=\count292
\l__fontspec_emdef_int=\count293
\l__fontspec_strong_int=\count294
\l__fontspec_strongdef_int=\count295
\l__fontspec_tmpa_dim=\dimen153
\l__fontspec_tmpb_dim=\dimen154
\l__fontspec_tmpc_dim=\dimen155

(C:\Users\Violet\scoop\apps\miktex\current\texmfs\install\tex/latex/base\fonten
c.sty
Package: fontenc 2021/04/29 v2.0v Standard LaTeX package
)
(C:\Users\Violet\scoop\apps\miktex\current\texmfs\install\tex/latex/fontspec\fo
ntspec.cfg)))
LaTeX Font Info:    Font shape `TU/Alegreya(0)/m/n' will be
(Font)              scaled to size 10.95pt on input line 191.

(C:\Users\Violet\scoop\apps\miktex\current\texmfs\install\tex/latex/anyfontsize
\anyfontsize.sty
Invalid UTF-8 byte or sequence at line 3 replaced by U+FFFD.
Invalid UTF-8 byte or sequence at line 3 replaced by U+FFFD.
Package: anyfontsize 2007/11/22 anyfontsize.sty by pts
)
(C:\Users\Violet\scoop\apps\miktex\current\texmfs\install\tex/latex/xcolor\xcol
or.sty
Package: xcolor 2023/11/15 v3.01 LaTeX color extensions (UK)

(C:\Users\Violet\scoop\apps\miktex\current\texmfs\install\tex/latex/graphics-cf
g\color.cfg
File: color.cfg 2016/01/02 v1.6 sample color configuration
)
Package xcolor Info: Driver file: xetex.def on input line 274.

(C:\Users\Violet\scoop\apps\miktex\current\texmfs\install\tex/latex/graphics-de
f\xetex.def
File: xetex.def 2022/09/22 v5.0n Graphics/color driver for xetex
)
(C:\Users\Violet\scoop\apps\miktex\current\texmfs\install\tex/latex/graphics\ma
thcolor.ltx)
Package xcolor Info: Model `cmy' substituted by `cmy0' on input line 1350.
Package xcolor Info: Model `RGB' extended on input line 1366.
Package xcolor Info: Model `HTML' substituted by `rgb' on input line 1368.
Package xcolor Info: Model `Hsb' substituted by `hsb' on input line 1369.
Package xcolor Info: Model `tHsb' substituted by `hsb' on input line 1370.
Package xcolor Info: Model `HSB' substituted by `hsb' on input line 1371.
Package xcolor Info: Model `Gray' substituted by `gray' on input line 1372.
Package xcolor Info: Model `wave' substituted by `hsb' on input line 1373.
)
(C:\Users\Violet\scoop\apps\miktex\current\texmfs\install\tex/latex/colortbl\co
lortbl.sty
Package: colortbl 2024/10/29 v1.0k Color table columns (DPC)

(C:\Users\Violet\scoop\apps\miktex\current\texmfs\install\tex/latex/tools\array
.sty
Package: array 2023/10/16 v2.5g Tabular extension package (FMi)
\col@sep=\dimen156
\ar@mcellbox=\box53
\extrarowheight=\dimen157
\NC@list=\toks20
\extratabsurround=\skip51
\backup@length=\skip52
\ar@cellbox=\box54
)
\everycr=\toks21
\minrowclearance=\skip53
\rownum=\count296
)
(C:\Users\Violet\scoop\apps\miktex\current\texmfs\install\tex/latex/mwe\mwe.sty
Package: mwe 2018/03/30 v0.5 Package to support minimal working examples (MWE)

(C:\Users\Violet\scoop\apps\miktex\current\texmfs\install\tex/latex/graphics\gr
aphicx.sty
Package: graphicx 2021/09/16 v1.2d Enhanced LaTeX Graphics (DPC,SPQR)

(C:\Users\Violet\scoop\apps\miktex\current\texmfs\install\tex/latex/graphics\gr
aphics.sty
Package: graphics 2022/03/10 v1.4e Standard LaTeX Graphics (DPC,SPQR)

(C:\Users\Violet\scoop\apps\miktex\current\texmfs\install\tex/latex/graphics\tr
ig.sty
Package: trig 2021/08/11 v1.11 sin cos tan (DPC)
)
(C:\Users\Violet\scoop\apps\miktex\current\texmfs\install\tex/latex/graphics-cf
g\graphics.cfg
File: graphics.cfg 2016/06/04 v1.11 sample graphics configuration
)
Package graphics Info: Driver file: xetex.def on input line 107.
)
\Gin@req@height=\dimen158
\Gin@req@width=\dimen159
)
(C:\Users\Violet\scoop\apps\miktex\current\texmfs\install\tex/latex/lipsum\lips
um.sty
Package: lipsum 2021-09-20 v2.7 150 paragraphs of Lorem Ipsum dummy text
\g__lipsum_par_int=\count297
\l__lipsum_a_int=\count298
\l__lipsum_b_int=\count299

(C:\Users\Violet\scoop\apps\miktex\current\texmfs\install\tex/latex/lipsum\lips
um.ltd.tex))
(C:\Users\Violet\scoop\apps\miktex\current\texmfs\install\tex/latex/blindtext\b
lindtext.sty
Package: blindtext 2012/01/06 V2.0 blindtext-Package

(C:\Users\Violet\scoop\apps\miktex\current\texmfs\install\tex/latex/tools\xspac
e.sty
Package: xspace 2014/10/28 v1.13 Space after command names (DPC,MH)
)
\c@blindtext=\count300
\c@Blindtext=\count301
\c@blind@countparstart=\count302
\blind@countxx=\count303
\blindtext@numBlindtext=\count304
\blind@countyy=\count305
\c@blindlist=\count306
\c@blindlistlevel=\count307
\c@blindlist@level=\count308
\blind@listitem=\count309
\c@blind@listcount=\count310
\c@blind@levelcount=\count311
\blind@mathformula=\count312
\blind@Mathformula=\count313
\c@blind@randomcount=\count314
\c@blind@randommax=\count315
\c@blind@pangramcount=\count316
\c@blind@pangrammax=\count317
))
(C:\Users\Violet\scoop\apps\miktex\current\texmfs\install\tex/latex/tools\enume
rate.sty
Package: enumerate 2023/07/04 v3.00 enumerate extensions (DPC)
\@enLab=\toks22
)
(C:\Users\Violet\scoop\apps\miktex\current\texmfs\install\tex/latex/enumitem\en
umitem.sty
Package: enumitem 2025/02/06 v3.11 Customized lists
\labelindent=\skip54
\enit@outerparindent=\dimen160
\enit@toks=\toks23
\enit@inbox=\box55
\enit@count@id=\count318
\enitdp@description=\count319
)
(C:\Users\Violet\scoop\apps\miktex\current\texmfs\install\tex/latex/caption\cap
tion.sty
Package: caption 2023/08/05 v3.6o Customizing captions (AR)

(C:\Users\Violet\scoop\apps\miktex\current\texmfs\install\tex/latex/caption\cap
tion3.sty
Package: caption3 2023/07/31 v2.4d caption3 kernel (AR)
\caption@tempdima=\dimen161
\captionmargin=\dimen162
\caption@leftmargin=\dimen163
\caption@rightmargin=\dimen164
\caption@width=\dimen165
\caption@indent=\dimen166
\caption@parindent=\dimen167
\caption@hangindent=\dimen168
Package caption Info: Standard document class detected.
)
\c@caption@flags=\count320
\c@continuedfloat=\count321
Package caption Info: hyperref package is loaded.
)
(C:\Users\Violet\scoop\apps\miktex\current\texmfs\install\tex/latex/amsmath\ams
math.sty
Package: amsmath 2023/05/13 v2.17o AMS math features
\@mathmargin=\skip55

For additional information on amsmath, use the `?' option.

(C:\Users\Violet\scoop\apps\miktex\current\texmfs\install\tex/latex/amsmath\ams
text.sty
Package: amstext 2021/08/26 v2.01 AMS text

(C:\Users\Violet\scoop\apps\miktex\current\texmfs\install\tex/latex/amsmath\ams
gen.sty
File: amsgen.sty 1999/11/30 v2.0 generic functions
\@emptytoks=\toks24
\ex@=\dimen169
))
(C:\Users\Violet\scoop\apps\miktex\current\texmfs\install\tex/latex/amsmath\ams
bsy.sty
Package: amsbsy 1999/11/29 v1.2d Bold Symbols
\pmbraise@=\dimen170
)
(C:\Users\Violet\scoop\apps\miktex\current\texmfs\install\tex/latex/amsmath\ams
opn.sty
Package: amsopn 2022/04/08 v2.04 operator names
)
\inf@bad=\count322
LaTeX Info: Redefining \frac on input line 234.
\uproot@=\count323
\leftroot@=\count324
LaTeX Info: Redefining \overline on input line 399.
LaTeX Info: Redefining \colon on input line 410.
\classnum@=\count325
\DOTSCASE@=\count326
LaTeX Info: Redefining \ldots on input line 496.
LaTeX Info: Redefining \dots on input line 499.
LaTeX Info: Redefining \cdots on input line 620.
\Mathstrutbox@=\box56
\strutbox@=\box57
LaTeX Info: Redefining \big on input line 722.
LaTeX Info: Redefining \Big on input line 723.
LaTeX Info: Redefining \bigg on input line 724.
LaTeX Info: Redefining \Bigg on input line 725.
\big@size=\dimen171
LaTeX Font Info:    Redeclaring font encoding OML on input line 743.
LaTeX Font Info:    Redeclaring font encoding OMS on input line 744.
\macc@depth=\count327
LaTeX Info: Redefining \bmod on input line 905.
LaTeX Info: Redefining \pmod on input line 910.
LaTeX Info: Redefining \smash on input line 940.
LaTeX Info: Redefining \relbar on input line 970.
LaTeX Info: Redefining \Relbar on input line 971.
\c@MaxMatrixCols=\count328
\dotsspace@=\muskip17
\c@parentequation=\count329
\dspbrk@lvl=\count330
\tag@help=\toks25
\row@=\count331
\column@=\count332
\maxfields@=\count333
\andhelp@=\toks26
\eqnshift@=\dimen172
\alignsep@=\dimen173
\tagshift@=\dimen174
\tagwidth@=\dimen175
\totwidth@=\dimen176
\lineht@=\dimen177
\@envbody=\toks27
\multlinegap=\skip56
\multlinetaggap=\skip57
\mathdisplay@stack=\toks28
LaTeX Info: Redefining \[ on input line 2953.
LaTeX Info: Redefining \] on input line 2954.
)
(C:\Users\Violet\scoop\apps\miktex\current\texmfs\install\tex/latex/jknappen\ma
thrsfs.sty
Package: mathrsfs 1996/01/01 Math RSFS package v1.0 (jk)
\symrsfs=\mathgroup4
)
(C:\Users\Violet\scoop\apps\miktex\current\texmfs\install\tex/latex/amsfonts\am
sfonts.sty
Package: amsfonts 2013/01/14 v3.01 Basic AMSFonts support
\symAMSa=\mathgroup5
\symAMSb=\mathgroup6
LaTeX Font Info:    Redeclaring math symbol \hbar on input line 98.
LaTeX Font Info:    Overwriting math alphabet `\mathfrak' in version `bold'
(Font)                  U/euf/m/n --> U/euf/b/n on input line 106.
)
(C:\Users\Violet\scoop\apps\miktex\current\texmfs\install\tex/latex/amsfonts\am
ssymb.sty
Package: amssymb 2013/01/14 v3.01 AMS font symbols
)
(C:\Users\Violet\scoop\apps\miktex\current\texmfs\install\tex/latex/booktabs\bo
oktabs.sty
Package: booktabs 2020/01/12 v1.61803398 Publication quality tables
\heavyrulewidth=\dimen178
\lightrulewidth=\dimen179
\cmidrulewidth=\dimen180
\belowrulesep=\dimen181
\belowbottomsep=\dimen182
\aboverulesep=\dimen183
\abovetopsep=\dimen184
\cmidrulesep=\dimen185
\cmidrulekern=\dimen186
\defaultaddspace=\dimen187
\@cmidla=\count334
\@cmidlb=\count335
\@aboverulesep=\dimen188
\@belowrulesep=\dimen189
\@thisruleclass=\count336
\@lastruleclass=\count337
\@thisrulewidth=\dimen190
)
(C:\Users\Violet\scoop\apps\miktex\current\texmfs\install\tex/latex/tools\multi
col.sty
Package: multicol 2023/03/30 v1.9f multicolumn formatting (FMi)
\c@tracingmulticols=\count338
\mult@box=\box58
\multicol@leftmargin=\dimen191
\c@unbalance=\count339
\c@collectmore=\count340
\doublecol@number=\count341
\multicoltolerance=\count342
\multicolpretolerance=\count343
\full@width=\dimen192
\page@free=\dimen193
\premulticols=\dimen194
\postmulticols=\dimen195
\multicolsep=\skip58
\multicolbaselineskip=\skip59
\partial@page=\box59
\last@line=\box60
\mc@boxedresult=\box61
\maxbalancingoverflow=\dimen196
\mult@rightbox=\box62
\mult@grightbox=\box63
\mult@firstbox=\box64
\mult@gfirstbox=\box65
\@tempa=\box66
\@tempa=\box67
\@tempa=\box68
\@tempa=\box69
\@tempa=\box70
\@tempa=\box71
\@tempa=\box72
\@tempa=\box73
\@tempa=\box74
\@tempa=\box75
\@tempa=\box76
\@tempa=\box77
\@tempa=\box78
\@tempa=\box79
\@tempa=\box80
\@tempa=\box81
\@tempa=\box82
\@tempa=\box83
\@tempa=\box84
\@tempa=\box85
\@tempa=\box86
\@tempa=\box87
\@tempa=\box88
\@tempa=\box89
\@tempa=\box90
\@tempa=\box91
\@tempa=\box92
\@tempa=\box93
\@tempa=\box94
\@tempa=\box95
\@tempa=\box96
\@tempa=\box97
\@tempa=\box98
\@tempa=\box99
\@tempa=\box100
\@tempa=\box101
\c@minrows=\count344
\c@columnbadness=\count345
\c@finalcolumnbadness=\count346
\last@try=\dimen197
\multicolovershoot=\dimen198
\multicolundershoot=\dimen199
\mult@nat@firstbox=\box102
\colbreak@box=\box103
\mc@col@check@num=\count347
)
(C:\Users\Violet\scoop\apps\miktex\current\texmfs\install\tex/latex/multirow\mu
ltirow.sty
Package: multirow 2024/11/12 v2.9 Span multiple rows of a table
\multirow@colwidth=\skip60
\multirow@cntb=\count348
\multirow@dima=\skip61
\bigstrutjot=\dimen256
)
(C:\Users\Violet\scoop\apps\miktex\current\texmfs\install\tex/latex/fancyvrb\fa
ncyvrb.sty
Package: fancyvrb 2024/01/20 4.5c verbatim text (tvz,hv)
\FV@CodeLineNo=\count349
\FV@InFile=\read2
\FV@TabBox=\box104
\c@FancyVerbLine=\count350
\FV@StepNumber=\count351
\FV@OutFile=\write4
)
(C:\Users\Violet\scoop\apps\miktex\current\texmfs\install\tex/latex/makecell\ma
kecell.sty
Package: makecell 2009/08/03 V0.1e Managing of Tab Column Heads and Cells
\rotheadsize=\dimen257
\c@nlinenum=\count352
\TeXr@lab=\toks29
)
(C:\Users\Violet\scoop\apps\miktex\current\texmfs\install\tex/generic/hologo\ho
logo.sty
Package: hologo 2021-11-16 v1.15 A logo collection with bookmark support (HO)
)
(C:\Users\Violet\scoop\apps\miktex\current\texmfs\install\tex/latex/titlesec\ti
tlesec.sty
Package: titlesec 2025/01/04 v2.17 Sectioning titles
\ttl@box=\box105
\beforetitleunit=\skip62
\aftertitleunit=\skip63
\ttl@plus=\dimen258
\ttl@minus=\dimen259
\ttl@toksa=\toks30
\titlewidth=\dimen260
\titlewidthlast=\dimen261
\titlewidthfirst=\dimen262

(C:\Users\Violet\scoop\apps\miktex\current\texmfs\install\tex/latex/titlesec\ti
tleps.sty))
(C:\Users\Violet\scoop\apps\miktex\current\texmfs\install\tex/latex/appendix\ap
pendix.sty
Package: appendix 2020/02/08 v1.2c extra appendix facilities
\c@@pps=\count353
\c@@ppsavesec=\count354
\c@@ppsaveapp=\count355
)
(C:\Users\Violet\scoop\apps\miktex\current\texmfs\install\tex/latex/biblatex\bi
blatex.sty
Package: biblatex 2023/03/05 v3.19 programmable bibliographies (PK/MW)

(C:\Users\Violet\scoop\apps\miktex\current\texmfs\install\tex/latex/logreq\logr
eq.sty
Package: logreq 2010/08/04 v1.0 xml request logger
\lrq@indent=\count356

(C:\Users\Violet\scoop\apps\miktex\current\texmfs\install\tex/latex/logreq\logr
eq.def
File: logreq.def 2010/08/04 v1.0 logreq spec v1.0
))
(C:\Users\Violet\scoop\apps\miktex\current\texmfs\install\tex/latex/base\ifthen
.sty
Package: ifthen 2022/04/13 v1.1d Standard LaTeX ifthen package (DPC)
)
\c@tabx@nest=\count357
\c@listtotal=\count358
\c@listcount=\count359
\c@liststart=\count360
\c@liststop=\count361
\c@citecount=\count362
\c@citetotal=\count363
\c@multicitecount=\count364
\c@multicitetotal=\count365
\c@instcount=\count366
\c@maxnames=\count367
\c@minnames=\count368
\c@maxitems=\count369
\c@minitems=\count370
\c@citecounter=\count371
\c@maxcitecounter=\count372
\c@savedcitecounter=\count373
\c@uniquelist=\count374
\c@uniquename=\count375
\c@refsection=\count376
\c@refsegment=\count377
\c@maxextratitle=\count378
\c@maxextratitleyear=\count379
\c@maxextraname=\count380
\c@maxextradate=\count381
\c@maxextraalpha=\count382
\c@abbrvpenalty=\count383
\c@highnamepenalty=\count384
\c@lownamepenalty=\count385
\c@maxparens=\count386
\c@parenlevel=\count387
\blx@tempcnta=\count388
\blx@tempcntb=\count389
\blx@tempcntc=\count390
\c@blx@maxsection=\count391
\blx@maxsegment@0=\count392
\blx@notetype=\count393
\blx@parenlevel@text=\count394
\blx@parenlevel@foot=\count395
\blx@sectionciteorder@0=\count396
\blx@sectionciteorderinternal@0=\count397
\blx@entrysetcounter=\count398
\blx@biblioinstance=\count399
\labelnumberwidth=\skip64
\labelalphawidth=\skip65
\biblabelsep=\skip66
\bibitemsep=\skip67
\bibnamesep=\skip68
\bibinitsep=\skip69
\bibparsep=\skip70
\bibhang=\skip71
\blx@bcfin=\read3
\blx@bcfout=\write5
\blx@langwohyphens=\language79
\c@mincomprange=\count400
\c@maxcomprange=\count401
\c@mincompwidth=\count402
Package biblatex Info: Trying to load biblatex default data model...
Package biblatex Info: ... file 'blx-dm.def' found.

(C:\Users\Violet\scoop\apps\miktex\current\texmfs\install\tex/latex/biblatex\bl
x-dm.def
File: blx-dm.def 2023/03/05 v3.19 biblatex localization (PK/MW)
)
Package biblatex Info: Trying to load biblatex citestyle data model...
Package biblatex Info: ... file 'numeric-comp.dbx' not found.
Package biblatex Info: Trying to load biblatex bibstyle data model...
Package biblatex Info: ... file 'numeric.dbx' not found.
Package biblatex Info: Trying to load biblatex custom data model...
Package biblatex Info: ... file 'biblatex-dm.cfg' not found.
\c@afterword=\count403
\c@savedafterword=\count404
\c@annotator=\count405
\c@savedannotator=\count406
\c@author=\count407
\c@savedauthor=\count408
\c@bookauthor=\count409
\c@savedbookauthor=\count410
\c@commentator=\count411
\c@savedcommentator=\count412
\c@editor=\count413
\c@savededitor=\count414
\c@editora=\count415
\c@savededitora=\count416
\c@editorb=\count417
\c@savededitorb=\count418
\c@editorc=\count419
\c@savededitorc=\count420
\c@foreword=\count421
\c@savedforeword=\count422
\c@holder=\count423
\c@savedholder=\count424
\c@introduction=\count425
\c@savedintroduction=\count426
\c@namea=\count427
\c@savednamea=\count428
\c@nameb=\count429
\c@savednameb=\count430
\c@namec=\count431
\c@savednamec=\count432
\c@translator=\count433
\c@savedtranslator=\count434
\c@shortauthor=\count435
\c@savedshortauthor=\count436
\c@shorteditor=\count437
\c@savedshorteditor=\count438
\c@labelname=\count439
\c@savedlabelname=\count440
\c@institution=\count441
\c@savedinstitution=\count442
\c@lista=\count443
\c@savedlista=\count444
\c@listb=\count445
\c@savedlistb=\count446
\c@listc=\count447
\c@savedlistc=\count448
\c@listd=\count449
\c@savedlistd=\count450
\c@liste=\count451
\c@savedliste=\count452
\c@listf=\count453
\c@savedlistf=\count454
\c@location=\count455
\c@savedlocation=\count456
\c@organization=\count457
\c@savedorganization=\count458
\c@origlocation=\count459
\c@savedoriglocation=\count460
\c@origpublisher=\count461
\c@savedorigpublisher=\count462
\c@publisher=\count463
\c@savedpublisher=\count464
\c@language=\count465
\c@savedlanguage=\count466
\c@origlanguage=\count467
\c@savedoriglanguage=\count468
\c@pageref=\count469
\c@savedpageref=\count470
\shorthandwidth=\skip72
\shortjournalwidth=\skip73
\shortserieswidth=\skip74
\shorttitlewidth=\skip75
\shortauthorwidth=\skip76
\shorteditorwidth=\skip77
\locallabelnumberwidth=\skip78
\locallabelalphawidth=\skip79
\localshorthandwidth=\skip80
\localshortjournalwidth=\skip81
\localshortserieswidth=\skip82
\localshorttitlewidth=\skip83
\localshortauthorwidth=\skip84
\localshorteditorwidth=\skip85
Package biblatex Info: Trying to load enhanced support for Unicode engines...
Package biblatex Info: ... file 'blx-unicode.def' found.

(C:\Users\Violet\scoop\apps\miktex\current\texmfs\install\tex/latex/biblatex\bl
x-unicode.def)
Package biblatex Info: Trying to load compatibility code...
Package biblatex Info: ... file 'blx-compat.def' found.

(C:\Users\Violet\scoop\apps\miktex\current\texmfs\install\tex/latex/biblatex\bl
x-compat.def
File: blx-compat.def 2023/03/05 v3.19 biblatex compatibility (PK/MW)
)
Package biblatex Info: Trying to load generic definitions...
Package biblatex Info: ... file 'biblatex.def' found.

(C:\Users\Violet\scoop\apps\miktex\current\texmfs\install\tex/latex/biblatex\bi
blatex.def
File: biblatex.def 2023/03/05 v3.19 biblatex compatibility (PK/MW)
\c@textcitecount=\count471
\c@textcitetotal=\count472
\c@textcitemaxnames=\count473
\c@biburlbigbreakpenalty=\count474
\c@biburlbreakpenalty=\count475
\c@biburlnumpenalty=\count476
\c@biburlucpenalty=\count477
\c@biburllcpenalty=\count478
\biburlbigskip=\muskip18
\biburlnumskip=\muskip19
\biburlucskip=\muskip20
\biburllcskip=\muskip21
\c@smartand=\count479
)
Package biblatex Info: Trying to load bibliography style 'numeric'...
Package biblatex Info: ... file 'numeric.bbx' found.

(C:\Users\Violet\scoop\apps\miktex\current\texmfs\install\tex/latex/biblatex/bb
x\numeric.bbx
File: numeric.bbx 2023/03/05 v3.19 biblatex bibliography style (PK/MW)
Package biblatex Info: Trying to load bibliography style 'standard'...
Package biblatex Info: ... file 'standard.bbx' found.

(C:\Users\Violet\scoop\apps\miktex\current\texmfs\install\tex/latex/biblatex/bb
x\standard.bbx
File: standard.bbx 2023/03/05 v3.19 biblatex bibliography style (PK/MW)
\c@bbx:relatedcount=\count480
\c@bbx:relatedtotal=\count481
))
Package biblatex Info: Trying to load citation style 'numeric-comp'...
Package biblatex Info: ... file 'numeric-comp.cbx' found.

(C:\Users\Violet\scoop\apps\miktex\current\texmfs\install\tex/latex/biblatex/cb
x\numeric-comp.cbx
File: numeric-comp.cbx 2023/03/05 v3.19 biblatex citation style (PK/MW)
\c@cbx@tempcnta=\count482
\c@cbx@tempcntb=\count483
\c@cbx@tempcntc=\count484
\c@cbx@tempcntd=\count485
Package biblatex Info: Redefining '\cite'.
Package biblatex Info: Redefining '\parencite'.
Package biblatex Info: Redefining '\footcite'.
Package biblatex Info: Redefining '\footcitetext'.
Package biblatex Info: Redefining '\smartcite'.
Package biblatex Info: Redefining '\supercite'.
Package biblatex Info: Redefining '\textcite'.
Package biblatex Info: Redefining '\textcites'.
Package biblatex Info: Redefining '\cites'.
Package biblatex Info: Redefining '\parencites'.
Package biblatex Info: Redefining '\smartcites'.
)
Package biblatex Info: Trying to load configuration file...
Package biblatex Info: ... file 'biblatex.cfg' found.

(C:\Users\Violet\scoop\apps\miktex\current\texmfs\install\tex/latex/biblatex\bi
blatex.cfg
File: biblatex.cfg 
)
Package biblatex Info: XeTeX detected.
(biblatex)             Assuming input encoding 'utf8'.
Package biblatex Info: Document encoding is UTF8 ....
Package biblatex Info: ... and expl3
(biblatex)             2024-01-04 L3 programming layer (loader) 
(biblatex)             is new enough (at least 2020/04/06),
(biblatex)             setting 'casechanger=expl3'.

(C:\Users\Violet\scoop\apps\miktex\current\texmfs\install\tex/latex/biblatex\bl
x-case-expl3.sty
Package: blx-case-expl3 2023/03/05 v3.19 expl3 case changing code for biblatex
))
(C:\Users\Violet\scoop\apps\miktex\current\texmfs\install\tex/latex/pgf/fronten
dlayer\tikz.sty
(C:\Users\Violet\scoop\apps\miktex\current\texmfs\install\tex/latex/pgf/basicla
yer\pgf.sty
(C:\Users\Violet\scoop\apps\miktex\current\texmfs\install\tex/latex/pgf/utiliti
es\pgfrcs.sty
(C:\Users\Violet\scoop\apps\miktex\current\texmfs\install\tex/generic/pgf/utili
ties\pgfutil-common.tex
\pgfutil@everybye=\toks31
\pgfutil@tempdima=\dimen263
\pgfutil@tempdimb=\dimen264
)
(C:\Users\Violet\scoop\apps\miktex\current\texmfs\install\tex/generic/pgf/utili
ties\pgfutil-latex.def
\pgfutil@abb=\box106
)
(C:\Users\Violet\scoop\apps\miktex\current\texmfs\install\tex/generic/pgf/utili
ties\pgfrcs.code.tex
(C:\Users\Violet\scoop\apps\miktex\current\texmfs\install\tex/generic/pgf\pgf.r
evision.tex)
Package: pgfrcs 2023-01-15 v3.1.10 (3.1.10)
))
Package: pgf 2023-01-15 v3.1.10 (3.1.10)

(C:\Users\Violet\scoop\apps\miktex\current\texmfs\install\tex/latex/pgf/basicla
yer\pgfcore.sty
(C:\Users\Violet\scoop\apps\miktex\current\texmfs\install\tex/latex/pgf/systeml
ayer\pgfsys.sty
(C:\Users\Violet\scoop\apps\miktex\current\texmfs\install\tex/generic/pgf/syste
mlayer\pgfsys.code.tex
Package: pgfsys 2023-01-15 v3.1.10 (3.1.10)

(C:\Users\Violet\scoop\apps\miktex\current\texmfs\install\tex/generic/pgf/utili
ties\pgfkeys.code.tex
\pgfkeys@pathtoks=\toks32
\pgfkeys@temptoks=\toks33

(C:\Users\Violet\scoop\apps\miktex\current\texmfs\install\tex/generic/pgf/utili
ties\pgfkeyslibraryfiltered.code.tex
\pgfkeys@tmptoks=\toks34
))
\pgf@x=\dimen265
\pgf@y=\dimen266
\pgf@xa=\dimen267
\pgf@ya=\dimen268
\pgf@xb=\dimen269
\pgf@yb=\dimen270
\pgf@xc=\dimen271
\pgf@yc=\dimen272
\pgf@xd=\dimen273
\pgf@yd=\dimen274
\w@pgf@writea=\write6
\r@pgf@reada=\read4
\c@pgf@counta=\count486
\c@pgf@countb=\count487
\c@pgf@countc=\count488
\c@pgf@countd=\count489
\t@pgf@toka=\toks35
\t@pgf@tokb=\toks36
\t@pgf@tokc=\toks37
\pgf@sys@id@count=\count490

(C:\Users\Violet\scoop\apps\miktex\current\texmfs\install\tex/generic/pgf/syste
mlayer\pgf.cfg
File: pgf.cfg 2023-01-15 v3.1.10 (3.1.10)
)
Driver file for pgf: pgfsys-xetex.def

(C:\Users\Violet\scoop\apps\miktex\current\texmfs\install\tex/generic/pgf/syste
mlayer\pgfsys-xetex.def
File: pgfsys-xetex.def 2023-01-15 v3.1.10 (3.1.10)

(C:\Users\Violet\scoop\apps\miktex\current\texmfs\install\tex/generic/pgf/syste
mlayer\pgfsys-dvipdfmx.def
File: pgfsys-dvipdfmx.def 2023-01-15 v3.1.10 (3.1.10)

(C:\Users\Violet\scoop\apps\miktex\current\texmfs\install\tex/generic/pgf/syste
mlayer\pgfsys-common-pdf.def
File: pgfsys-common-pdf.def 2023-01-15 v3.1.10 (3.1.10)
)
\pgfsys@objnum=\count491
)))
(C:\Users\Violet\scoop\apps\miktex\current\texmfs\install\tex/generic/pgf/syste
mlayer\pgfsyssoftpath.code.tex
File: pgfsyssoftpath.code.tex 2023-01-15 v3.1.10 (3.1.10)
\pgfsyssoftpath@smallbuffer@items=\count492
\pgfsyssoftpath@bigbuffer@items=\count493
)
(C:\Users\Violet\scoop\apps\miktex\current\texmfs\install\tex/generic/pgf/syste
mlayer\pgfsysprotocol.code.tex
File: pgfsysprotocol.code.tex 2023-01-15 v3.1.10 (3.1.10)
))
(C:\Users\Violet\scoop\apps\miktex\current\texmfs\install\tex/generic/pgf/basic
layer\pgfcore.code.tex
Package: pgfcore 2023-01-15 v3.1.10 (3.1.10)

(C:\Users\Violet\scoop\apps\miktex\current\texmfs\install\tex/generic/pgf/math\
pgfmath.code.tex
(C:\Users\Violet\scoop\apps\miktex\current\texmfs\install\tex/generic/pgf/math\
pgfmathutil.code.tex)
(C:\Users\Violet\scoop\apps\miktex\current\texmfs\install\tex/generic/pgf/math\
pgfmathparser.code.tex
\pgfmath@dimen=\dimen275
\pgfmath@count=\count494
\pgfmath@box=\box107
\pgfmath@toks=\toks38
\pgfmath@stack@operand=\toks39
\pgfmath@stack@operation=\toks40
)
(C:\Users\Violet\scoop\apps\miktex\current\texmfs\install\tex/generic/pgf/math\
pgfmathfunctions.code.tex)
(C:\Users\Violet\scoop\apps\miktex\current\texmfs\install\tex/generic/pgf/math\
pgfmathfunctions.basic.code.tex)
(C:\Users\Violet\scoop\apps\miktex\current\texmfs\install\tex/generic/pgf/math\
pgfmathfunctions.trigonometric.code.tex)
(C:\Users\Violet\scoop\apps\miktex\current\texmfs\install\tex/generic/pgf/math\
pgfmathfunctions.random.code.tex)
(C:\Users\Violet\scoop\apps\miktex\current\texmfs\install\tex/generic/pgf/math\
pgfmathfunctions.comparison.code.tex)
(C:\Users\Violet\scoop\apps\miktex\current\texmfs\install\tex/generic/pgf/math\
pgfmathfunctions.base.code.tex)
(C:\Users\Violet\scoop\apps\miktex\current\texmfs\install\tex/generic/pgf/math\
pgfmathfunctions.round.code.tex)
(C:\Users\Violet\scoop\apps\miktex\current\texmfs\install\tex/generic/pgf/math\
pgfmathfunctions.misc.code.tex)
(C:\Users\Violet\scoop\apps\miktex\current\texmfs\install\tex/generic/pgf/math\
pgfmathfunctions.integerarithmetics.code.tex)
(C:\Users\Violet\scoop\apps\miktex\current\texmfs\install\tex/generic/pgf/math\
pgfmathcalc.code.tex)
(C:\Users\Violet\scoop\apps\miktex\current\texmfs\install\tex/generic/pgf/math\
pgfmathfloat.code.tex
\c@pgfmathroundto@lastzeros=\count495
))
(C:\Users\Violet\scoop\apps\miktex\current\texmfs\install\tex/generic/pgf/math\
pgfint.code.tex)
(C:\Users\Violet\scoop\apps\miktex\current\texmfs\install\tex/generic/pgf/basic
layer\pgfcorepoints.code.tex
File: pgfcorepoints.code.tex 2023-01-15 v3.1.10 (3.1.10)
\pgf@picminx=\dimen276
\pgf@picmaxx=\dimen277
\pgf@picminy=\dimen278
\pgf@picmaxy=\dimen279
\pgf@pathminx=\dimen280
\pgf@pathmaxx=\dimen281
\pgf@pathminy=\dimen282
\pgf@pathmaxy=\dimen283
\pgf@xx=\dimen284
\pgf@xy=\dimen285
\pgf@yx=\dimen286
\pgf@yy=\dimen287
\pgf@zx=\dimen288
\pgf@zy=\dimen289
)
(C:\Users\Violet\scoop\apps\miktex\current\texmfs\install\tex/generic/pgf/basic
layer\pgfcorepathconstruct.code.tex
File: pgfcorepathconstruct.code.tex 2023-01-15 v3.1.10 (3.1.10)
\pgf@path@lastx=\dimen290
\pgf@path@lasty=\dimen291
)
(C:\Users\Violet\scoop\apps\miktex\current\texmfs\install\tex/generic/pgf/basic
layer\pgfcorepathusage.code.tex
File: pgfcorepathusage.code.tex 2023-01-15 v3.1.10 (3.1.10)
\pgf@shorten@end@additional=\dimen292
\pgf@shorten@start@additional=\dimen293
)
(C:\Users\Violet\scoop\apps\miktex\current\texmfs\install\tex/generic/pgf/basic
layer\pgfcorescopes.code.tex
File: pgfcorescopes.code.tex 2023-01-15 v3.1.10 (3.1.10)
\pgfpic=\box108
\pgf@hbox=\box109
\pgf@layerbox@main=\box110
\pgf@picture@serial@count=\count496
)
(C:\Users\Violet\scoop\apps\miktex\current\texmfs\install\tex/generic/pgf/basic
layer\pgfcoregraphicstate.code.tex
File: pgfcoregraphicstate.code.tex 2023-01-15 v3.1.10 (3.1.10)
\pgflinewidth=\dimen294
)
(C:\Users\Violet\scoop\apps\miktex\current\texmfs\install\tex/generic/pgf/basic
layer\pgfcoretransformations.code.tex
File: pgfcoretransformations.code.tex 2023-01-15 v3.1.10 (3.1.10)
\pgf@pt@x=\dimen295
\pgf@pt@y=\dimen296
\pgf@pt@temp=\dimen297
)
(C:\Users\Violet\scoop\apps\miktex\current\texmfs\install\tex/generic/pgf/basic
layer\pgfcorequick.code.tex
File: pgfcorequick.code.tex 2023-01-15 v3.1.10 (3.1.10)
)
(C:\Users\Violet\scoop\apps\miktex\current\texmfs\install\tex/generic/pgf/basic
layer\pgfcoreobjects.code.tex
File: pgfcoreobjects.code.tex 2023-01-15 v3.1.10 (3.1.10)
)
(C:\Users\Violet\scoop\apps\miktex\current\texmfs\install\tex/generic/pgf/basic
layer\pgfcorepathprocessing.code.tex
File: pgfcorepathprocessing.code.tex 2023-01-15 v3.1.10 (3.1.10)
)
(C:\Users\Violet\scoop\apps\miktex\current\texmfs\install\tex/generic/pgf/basic
layer\pgfcorearrows.code.tex
File: pgfcorearrows.code.tex 2023-01-15 v3.1.10 (3.1.10)
\pgfarrowsep=\dimen298
)
(C:\Users\Violet\scoop\apps\miktex\current\texmfs\install\tex/generic/pgf/basic
layer\pgfcoreshade.code.tex
File: pgfcoreshade.code.tex 2023-01-15 v3.1.10 (3.1.10)
\pgf@max=\dimen299
\pgf@sys@shading@range@num=\count497
\pgf@shadingcount=\count498
)
(C:\Users\Violet\scoop\apps\miktex\current\texmfs\install\tex/generic/pgf/basic
layer\pgfcoreimage.code.tex
File: pgfcoreimage.code.tex 2023-01-15 v3.1.10 (3.1.10)
)
(C:\Users\Violet\scoop\apps\miktex\current\texmfs\install\tex/generic/pgf/basic
layer\pgfcoreexternal.code.tex
File: pgfcoreexternal.code.tex 2023-01-15 v3.1.10 (3.1.10)
\pgfexternal@startupbox=\box111
)
(C:\Users\Violet\scoop\apps\miktex\current\texmfs\install\tex/generic/pgf/basic
layer\pgfcorelayers.code.tex
File: pgfcorelayers.code.tex 2023-01-15 v3.1.10 (3.1.10)
)
(C:\Users\Violet\scoop\apps\miktex\current\texmfs\install\tex/generic/pgf/basic
layer\pgfcoretransparency.code.tex
File: pgfcoretransparency.code.tex 2023-01-15 v3.1.10 (3.1.10)
)
(C:\Users\Violet\scoop\apps\miktex\current\texmfs\install\tex/generic/pgf/basic
layer\pgfcorepatterns.code.tex
File: pgfcorepatterns.code.tex 2023-01-15 v3.1.10 (3.1.10)
)
(C:\Users\Violet\scoop\apps\miktex\current\texmfs\install\tex/generic/pgf/basic
layer\pgfcorerdf.code.tex
File: pgfcorerdf.code.tex 2023-01-15 v3.1.10 (3.1.10)
)))
(C:\Users\Violet\scoop\apps\miktex\current\texmfs\install\tex/generic/pgf/modul
es\pgfmoduleshapes.code.tex
File: pgfmoduleshapes.code.tex 2023-01-15 v3.1.10 (3.1.10)
\pgfnodeparttextbox=\box112
)
(C:\Users\Violet\scoop\apps\miktex\current\texmfs\install\tex/generic/pgf/modul
es\pgfmoduleplot.code.tex
File: pgfmoduleplot.code.tex 2023-01-15 v3.1.10 (3.1.10)
)
(C:\Users\Violet\scoop\apps\miktex\current\texmfs\install\tex/latex/pgf/compati
bility\pgfcomp-version-0-65.sty
Package: pgfcomp-version-0-65 2023-01-15 v3.1.10 (3.1.10)
\pgf@nodesepstart=\dimen300
\pgf@nodesepend=\dimen301
)
(C:\Users\Violet\scoop\apps\miktex\current\texmfs\install\tex/latex/pgf/compati
bility\pgfcomp-version-1-18.sty
Package: pgfcomp-version-1-18 2023-01-15 v3.1.10 (3.1.10)
))
(C:\Users\Violet\scoop\apps\miktex\current\texmfs\install\tex/latex/pgf/utiliti
es\pgffor.sty
(C:\Users\Violet\scoop\apps\miktex\current\texmfs\install\tex/latex/pgf/utiliti
es\pgfkeys.sty
(C:\Users\Violet\scoop\apps\miktex\current\texmfs\install\tex/generic/pgf/utili
ties\pgfkeys.code.tex))
(C:\Users\Violet\scoop\apps\miktex\current\texmfs\install\tex/latex/pgf/math\pg
fmath.sty
(C:\Users\Violet\scoop\apps\miktex\current\texmfs\install\tex/generic/pgf/math\
pgfmath.code.tex))
(C:\Users\Violet\scoop\apps\miktex\current\texmfs\install\tex/generic/pgf/utili
ties\pgffor.code.tex
Package: pgffor 2023-01-15 v3.1.10 (3.1.10)
\pgffor@iter=\dimen302
\pgffor@skip=\dimen303
\pgffor@stack=\toks41
\pgffor@toks=\toks42
))
(C:\Users\Violet\scoop\apps\miktex\current\texmfs\install\tex/generic/pgf/front
endlayer/tikz\tikz.code.tex
Package: tikz 2023-01-15 v3.1.10 (3.1.10)

(C:\Users\Violet\scoop\apps\miktex\current\texmfs\install\tex/generic/pgf/libra
ries\pgflibraryplothandlers.code.tex
File: pgflibraryplothandlers.code.tex 2023-01-15 v3.1.10 (3.1.10)
\pgf@plot@mark@count=\count499
\pgfplotmarksize=\dimen304
)
\tikz@lastx=\dimen305
\tikz@lasty=\dimen306
\tikz@lastxsaved=\dimen307
\tikz@lastysaved=\dimen308
\tikz@lastmovetox=\dimen309
\tikz@lastmovetoy=\dimen310
\tikzleveldistance=\dimen311
\tikzsiblingdistance=\dimen312
\tikz@figbox=\box113
\tikz@figbox@bg=\box114
\tikz@tempbox=\box115
\tikz@tempbox@bg=\box116
\tikztreelevel=\count500
\tikznumberofchildren=\count501
\tikznumberofcurrentchild=\count502
\tikz@fig@count=\count503

(C:\Users\Violet\scoop\apps\miktex\current\texmfs\install\tex/generic/pgf/modul
es\pgfmodulematrix.code.tex
File: pgfmodulematrix.code.tex 2023-01-15 v3.1.10 (3.1.10)
\pgfmatrixcurrentrow=\count504
\pgfmatrixcurrentcolumn=\count505
\pgf@matrix@numberofcolumns=\count506
)
\tikz@expandcount=\count507

(C:\Users\Violet\scoop\apps\miktex\current\texmfs\install\tex/generic/pgf/front
endlayer/tikz/libraries\tikzlibrarytopaths.code.tex
File: tikzlibrarytopaths.code.tex 2023-01-15 v3.1.10 (3.1.10)
)))
(C:\Users\Violet\scoop\apps\miktex\current\texmfs\install\tex/generic/pgf/front
endlayer/tikz/libraries\tikzlibrarybackgrounds.code.tex
File: tikzlibrarybackgrounds.code.tex 2023-01-15 v3.1.10 (3.1.10)
\pgf@layerbox@background=\box117
\pgf@layerboxsaved@background=\box118
)
(C:\Users\Violet\scoop\apps\miktex\current\texmfs\install\tex/generic/pgf/front
endlayer/tikz/libraries\tikzlibrarycalc.code.tex
File: tikzlibrarycalc.code.tex 2023-01-15 v3.1.10 (3.1.10)
)
(C:\Users\Violet\scoop\apps\miktex\current\texmfs\install\tex/generic/pgf/front
endlayer/tikz/libraries\tikzlibraryshadows.code.tex
File: tikzlibraryshadows.code.tex 2023-01-15 v3.1.10 (3.1.10)

(C:\Users\Violet\scoop\apps\miktex\current\texmfs\install\tex/generic/pgf/front
endlayer/tikz/libraries\tikzlibraryfadings.code.tex
File: tikzlibraryfadings.code.tex 2023-01-15 v3.1.10 (3.1.10)

(C:\Users\Violet\scoop\apps\miktex\current\texmfs\install\tex/generic/pgf/libra
ries\pgflibraryfadings.code.tex
File: pgflibraryfadings.code.tex 2023-01-15 v3.1.10 (3.1.10)
)))
(C:\Users\Violet\scoop\apps\miktex\current\texmfs\install\tex/generic/pgf/front
endlayer/tikz/libraries\tikzlibrarypositioning.code.tex
File: tikzlibrarypositioning.code.tex 2023-01-15 v3.1.10 (3.1.10)
)
(C:\Users\Violet\scoop\apps\miktex\current\texmfs\install\tex/generic/pgf/front
endlayer/tikz/libraries\tikzlibraryfit.code.tex
File: tikzlibraryfit.code.tex 2023-01-15 v3.1.10 (3.1.10)
)
(C:\Users\Violet\scoop\apps\miktex\current\texmfs\install\tex/latex/apptools\ap
ptools.sty
Package: apptools 2012/11/28 v1.0 Tools for customizing appendices
)
(C:\Users\Violet\scoop\apps\miktex\current\texmfs\install\tex/latex/psnfss\pifo
nt.sty
Package: pifont 2020/03/25 PSNFSS-v9.3 Pi font support (SPQR) 
LaTeX Font Info:    Trying to load font information for U+pzd on input line 63.


(C:\Users\Violet\scoop\apps\miktex\current\texmfs\install\tex/latex/psnfss\upzd
.fd
File: upzd.fd 2001/06/04 font definitions for U/pzd.
)
LaTeX Font Info:    Trying to load font information for U+psy on input line 64.


(C:\Users\Violet\scoop\apps\miktex\current\texmfs\install\tex/latex/psnfss\upsy
.fd
File: upsy.fd 2001/06/04 font definitions for U/psy.
))
(C:\Users\Violet\scoop\apps\miktex\current\texmfs\install\tex/latex/manfnt\manf
nt.sty
Package: manfnt 1999/07/010.2LaTeX2e manfnt package
\dbend@height=\skip86
)
(C:\Users\Violet\scoop\apps\miktex\current\texmfs\install\tex/latex/bbding\bbdi
ng.sty
Package: bbding 1999/04/15 v1.01 Dingbats symbols
)
(C:\Users\Violet\scoop\apps\miktex\current\texmfs\install\tex/latex/tcolorbox\t
colorbox.sty
Package: tcolorbox 2024/01/10 version 6.2.0 text color boxes

(C:\Users\Violet\scoop\apps\miktex\current\texmfs\install\tex/latex/tools\verba
tim.sty
Package: verbatim 2023-11-06 v1.5v LaTeX2e package for verbatim enhancements
\every@verbatim=\toks43
\verbatim@line=\toks44
\verbatim@in@stream=\read5
)
(C:\Users\Violet\scoop\apps\miktex\current\texmfs\install\tex/latex/environ\env
iron.sty
Package: environ 2014/05/04 v0.3 A new way to define environments

(C:\Users\Violet\scoop\apps\miktex\current\texmfs\install\tex/latex/trimspaces\
trimspaces.sty
Package: trimspaces 2009/09/17 v1.1 Trim spaces around a token list
))
\tcb@titlebox=\box119
\tcb@upperbox=\box120
\tcb@lowerbox=\box121
\tcb@phantombox=\box122
\c@tcbbreakpart=\count508
\c@tcblayer=\count509
\c@tcolorbox@number=\count510
\l__tcobox_tmpa_box=\box123
\l__tcobox_tmpa_dim=\dimen313
\tcb@temp=\box124
\tcb@temp=\box125
\tcb@temp=\box126
\tcb@temp=\box127

(C:\Users\Violet\scoop\apps\miktex\current\texmfs\install\tex/latex/tcolorbox\t
cbraster.code.tex
Library (tcolorbox): 'tcbraster.code.tex' version '6.2.0'
\c@tcbrastercolumn=\count511
\c@tcbrasterrow=\count512
\c@tcbrasternum=\count513
\c@tcbraster=\count514
)
(C:\Users\Violet\scoop\apps\miktex\current\texmfs\install\tex/latex/tcolorbox\t
cbskins.code.tex
Library (tcolorbox): 'tcbskins.code.tex' version '6.2.0'

(C:\Users\Violet\scoop\apps\miktex\current\texmfs\install\tex/latex/tikzfill\ti
kzfill.image.sty
Package: tikzfill.image 2023/08/08 v1.0.1 Image filling library for TikZ

(C:\Users\Violet\scoop\apps\miktex\current\texmfs\install\tex/latex/tikzfill\ti
kzfill-common.sty
Package: tikzfill-common 2023/08/08 v1.0.1 Auxiliary code for tikzfill
)
(C:\Users\Violet\scoop\apps\miktex\current\texmfs\install\tex/latex/tikzfill\ti
kzlibraryfill.image.code.tex
File: tikzlibraryfill.image.code.tex 2023/08/08 v1.0.1 Image filling library
\l__tikzfill_img_box=\box128
))
(C:\Users\Violet\scoop\apps\miktex\current\texmfs\install\tex/latex/tcolorbox\t
cbskinsjigsaw.code.tex
Library (tcolorbox): 'tcbskinsjigsaw.code.tex' version '6.2.0'
))
(C:\Users\Violet\scoop\apps\miktex\current\texmfs\install\tex/latex/tcolorbox\t
cbbreakable.code.tex
Library (tcolorbox): 'tcbbreakable.code.tex' version '6.2.0'

(C:\Users\Violet\scoop\apps\miktex\current\texmfs\install\tex/latex/pdfcol\pdfc
ol.sty
Package: pdfcol 2022-09-21 v1.7 Handle new color stacks for pdfTeX (HO)
Package pdfcol Info: Interface disabled because of missing PDF mode of pdfTeX.
)
Package pdfcol Info: pdfTeX's color stacks are not available.
\tcb@testbox=\box129
\tcb@totalupperbox=\box130
\tcb@totallowerbox=\box131
)
(C:\Users\Violet\scoop\apps\miktex\current\texmfs\install\tex/latex/tcolorbox\t
cbhooks.code.tex
Library (tcolorbox): 'tcbhooks.code.tex' version '6.2.0'
)
(C:\Users\Violet\scoop\apps\miktex\current\texmfs\install\tex/latex/tcolorbox\t
cbtheorems.code.tex
Library (tcolorbox): 'tcbtheorems.code.tex' version '6.2.0'
)
(C:\Users\Violet\scoop\apps\miktex\current\texmfs\install\tex/latex/tcolorbox\t
cbfitting.code.tex
Library (tcolorbox): 'tcbfitting.code.tex' version '6.2.0'
\tcbfitdim=\dimen314
\tcb@lowerfitdim=\dimen315
\tcb@upperfitdim=\dimen316
\tcb@cur@hbadness=\count515
))
\c@tcb@cnt@theorem=\count516
\c@tcb@cnt@definition=\count517
\c@tcb@cnt@postulate=\count518
\c@tcb@cnt@axiom=\count519
\c@tcb@cnt@corollary=\count520
\c@tcb@cnt@lemma=\count521
\c@tcb@cnt@proposition=\count522
\c@exam=\count523
\c@exer=\count524
\c@prob=\count525

(C:\Users\Violet\scoop\apps\miktex\current\texmfs\install\tex/latex/adforn\adfo
rn.sty
(C:\Users\Violet\scoop\apps\miktex\current\texmfs\install\tex/latex/svn-prov\sv
n-prov.sty
Package: svn-prov 2010/04/24 v3.1862 Package Date/Version from SVN Keywords
)
Package: adforn 2025/03/31 v1.3 (SVN Rev: 10986)
)
(C:\Users\Violet\scoop\apps\miktex\current\texmfs\install\tex/latex/fancyhdr\fa
ncyhdr.sty
Package: fancyhdr 2025/02/07 v5.2 Extensive control of page headers and footers

\f@nch@headwidth=\skip87
\f@nch@offset@elh=\skip88
\f@nch@offset@erh=\skip89
\f@nch@offset@olh=\skip90
\f@nch@offset@orh=\skip91
\f@nch@offset@elf=\skip92
\f@nch@offset@erf=\skip93
\f@nch@offset@olf=\skip94
\f@nch@offset@orf=\skip95
\f@nch@height=\skip96
\f@nch@footalignment=\skip97
\f@nch@widthL=\skip98
\f@nch@widthC=\skip99
\f@nch@widthR=\skip100
\@temptokenb=\toks45
)
(C:\Users\Violet\scoop\apps\miktex\current\texmfs\install\tex/latex/listings\li
stings.sty
\lst@mode=\count526
\lst@gtempboxa=\box132
\lst@token=\toks46
\lst@length=\count527
\lst@currlwidth=\dimen317
\lst@column=\count528
\lst@pos=\count529
\lst@lostspace=\dimen318
\lst@width=\dimen319
\lst@newlines=\count530
\lst@lineno=\count531
\lst@maxwidth=\dimen320

(C:\Users\Violet\scoop\apps\miktex\current\texmfs\install\tex/latex/listings\ls
tmisc.sty
File: lstmisc.sty 2023/02/27 1.9 (Carsten Heinz)
\c@lstnumber=\count532
\lst@skipnumbers=\count533
\lst@framebox=\box133
)
(C:\Users\Violet\scoop\apps\miktex\current\texmfs\install\tex/latex/listings\li
stings.cfg
File: listings.cfg 2023/02/27 1.9 listings configuration
))
Package: listings 2023/02/27 1.9 (Carsten Heinz)

(C:\Users\Violet\scoop\apps\miktex\current\texmfs\install\tex/latex/listings\ls
tlang1.sty
File: lstlang1.sty 2023/02/27 1.9 listings language file
)
(C:\Users\Violet\scoop\apps\miktex\current\texmfs\install\tex/latex/listings\ls
tlang2.sty
File: lstlang2.sty 2023/02/27 1.9 listings language file
)
(C:\Users\Violet\scoop\apps\miktex\current\texmfs\install\tex/latex/listings\ls
tlang3.sty
File: lstlang3.sty 2023/02/27 1.9 listings language file
)
(C:\Users\Violet\scoop\apps\miktex\current\texmfs\install\tex/latex/listings\ls
tlang1.sty
File: lstlang1.sty 2023/02/27 1.9 listings language file
)
(C:\Users\Violet\scoop\apps\miktex\current\texmfs\install\tex/latex/listings\ls
tlang2.sty
File: lstlang2.sty 2023/02/27 1.9 listings language file
)
(C:\Users\Violet\scoop\apps\miktex\current\texmfs\install\tex/latex/listings\ls
tlang3.sty
File: lstlang3.sty 2023/02/27 1.9 listings language file
)
(C:\Users\Violet\scoop\apps\miktex\current\texmfs\install\tex/latex/listings\ls
tlang1.sty
File: lstlang1.sty 2023/02/27 1.9 listings language file
)
(C:\Users\Violet\scoop\apps\miktex\current\texmfs\install\tex/latex/listings\ls
tlang2.sty
File: lstlang2.sty 2023/02/27 1.9 listings language file
)
(C:\Users\Violet\scoop\apps\miktex\current\texmfs\install\tex/latex/listings\ls
tlang3.sty
File: lstlang3.sty 2023/02/27 1.9 listings language file
)
(C:\Users\Violet\scoop\apps\miktex\current\texmfs\install\tex/latex/listings\ls
tmisc.sty
File: lstmisc.sty 2023/02/27 1.9 (Carsten Heinz)
)
(C:\Users\Violet\scoop\apps\miktex\current\texmfs\install\tex/latex/tools\bm.st
y
Package: bm 2023/07/08 v1.2f Bold Symbol Support (DPC/FMi)
Package bm Info: No bold for \OMX/cmex/m/n, using \pmb.
Package bm Info: No bold for \U/rsfs/m/n, using \pmb.
Package bm Info: No bold for \U/msa/m/n, using \pmb.
Package bm Info: No bold for \U/msb/m/n, using \pmb.
)
(C:\Users\Violet\scoop\apps\miktex\current\texmfs\install\tex/latex/tools\calc.
sty
Package: calc 2023/07/08 v4.3 Infix arithmetic (KKT,FJ)
\calc@Acount=\count534
\calc@Bcount=\count535
\calc@Adimen=\dimen321
\calc@Bdimen=\dimen322
\calc@Askip=\skip101
\calc@Bskip=\skip102
LaTeX Info: Redefining \setlength on input line 80.
LaTeX Info: Redefining \addtolength on input line 81.
\calc@Ccount=\count536
\calc@Cskip=\skip103
)
(C:\Users\Violet\scoop\apps\miktex\current\texmfs\install\tex/latex/tocloft\toc
loft.sty
Package: tocloft 2017/08/31 v2.3i parameterised ToC, etc., typesetting
Package tocloft Info: The document has chapter divisions on input line 51.
\cftparskip=\skip104
\cftbeforetoctitleskip=\skip105
\cftaftertoctitleskip=\skip106
\cftbeforepartskip=\skip107
\cftpartnumwidth=\skip108
\cftpartindent=\skip109
\cftbeforechapskip=\skip110
\cftchapindent=\skip111
\cftchapnumwidth=\skip112
\cftbeforesecskip=\skip113
\cftsecindent=\skip114
\cftsecnumwidth=\skip115
\cftbeforesubsecskip=\skip116
\cftsubsecindent=\skip117
\cftsubsecnumwidth=\skip118
\cftbeforesubsubsecskip=\skip119
\cftsubsubsecindent=\skip120
\cftsubsubsecnumwidth=\skip121
\cftbeforeparaskip=\skip122
\cftparaindent=\skip123
\cftparanumwidth=\skip124
\cftbeforesubparaskip=\skip125
\cftsubparaindent=\skip126
\cftsubparanumwidth=\skip127
\cftbeforeloftitleskip=\skip128
\cftafterloftitleskip=\skip129
\cftbeforefigskip=\skip130
\cftfigindent=\skip131
\cftfignumwidth=\skip132
\c@lofdepth=\count537
\c@lotdepth=\count538
\cftbeforelottitleskip=\skip133
\cftafterlottitleskip=\skip134
\cftbeforetabskip=\skip135
\cfttabindent=\skip136
\cfttabnumwidth=\skip137
)
LaTeX Font Info:    Font shape `TU/Alegreya(0)/b/n' will be
(Font)              scaled to size 10.95pt on input line 1544.
)
(C:\Users\Violet\scoop\apps\miktex\current\texmfs\install\tex/latex/cprotect\cp
rotect.sty
Package: cprotect 2011/01/27 v1.0e (Bruno Le Floch)

(C:\Users\Violet\scoop\apps\miktex\current\texmfs\install\tex/latex/bigfoot\suf
fix.sty
Package: suffix 2006/07/15 1.5a Variant command support
)
\CPT@WriteOut=\write7
\c@CPT@WriteCount=\count539
\c@CPT@numB=\count540
\CPT@commandatend@toks=\toks47
)
(C:\Users\Violet\scoop\apps\miktex\current\texmfs\install\tex/xelatex/xecjk\xeC
JK.sty
Package: xeCJK 2022/08/05 v3.9.1 Typesetting CJK scripts with XeLaTeX

(C:\Users\Violet\scoop\apps\miktex\current\texmfs\install\tex/latex/ctex\ctexho
ok.sty
Package: ctexhook 2022/07/14 v2.5.10 Document and package hooks (CTEX)
)
(C:\Users\Violet\scoop\apps\miktex\current\texmfs\install\tex/latex/l3packages/
xtemplate\xtemplate.sty
Package: xtemplate 2023-10-10 L3 Experimental prototype document functions
\l__xtemplate_tmp_dim=\dimen323
\l__xtemplate_tmp_int=\count541
\l__xtemplate_tmp_muskip=\muskip22
\l__xtemplate_tmp_skip=\skip138
)
\l__xeCJK_tmp_int=\count542
\l__xeCJK_tmp_box=\box134
\l__xeCJK_tmp_dim=\dimen324
\l__xeCJK_tmp_skip=\skip139
\g__xeCJK_space_factor_int=\count543
\l__xeCJK_begin_int=\count544
\l__xeCJK_end_int=\count545
\c__xeCJK_CJK_class_int=\XeTeXcharclass1
\c__xeCJK_FullLeft_class_int=\XeTeXcharclass2
\c__xeCJK_FullRight_class_int=\XeTeXcharclass3
\c__xeCJK_HalfLeft_class_int=\XeTeXcharclass4
\c__xeCJK_HalfRight_class_int=\XeTeXcharclass5
\c__xeCJK_NormalSpace_class_int=\XeTeXcharclass6
\c__xeCJK_CM_class_int=\XeTeXcharclass7
\c__xeCJK_HangulJamo_class_int=\XeTeXcharclass8
\l__xeCJK_last_skip=\skip140
\c__xeCJK_none_node=\count546
\g__xeCJK_node_int=\count547
\c__xeCJK_CJK_node_dim=\dimen325
\c__xeCJK_CJK-space_node_dim=\dimen326
\c__xeCJK_default_node_dim=\dimen327
\c__xeCJK_CJK-widow_node_dim=\dimen328
\c__xeCJK_normalspace_node_dim=\dimen329
\c__xeCJK_default-space_node_skip=\skip141
\l__xeCJK_ccglue_skip=\skip142
\l__xeCJK_ecglue_skip=\skip143
\l__xeCJK_punct_kern_skip=\skip144
\l__xeCJK_indent_box=\box135
\l__xeCJK_last_penalty_int=\count548
\l__xeCJK_last_bound_dim=\dimen330
\l__xeCJK_last_kern_dim=\dimen331
\l__xeCJK_widow_penalty_int=\count549

Package xtemplate Info: Declaring object type 'xeCJK/punctuation' taking 0
(xtemplate)             argument(s) on line 2396.

\l__xeCJK_fixed_punct_width_dim=\dimen332
\l__xeCJK_mixed_punct_width_dim=\dimen333
\l__xeCJK_middle_punct_width_dim=\dimen334
\l__xeCJK_fixed_margin_width_dim=\dimen335
\l__xeCJK_mixed_margin_width_dim=\dimen336
\l__xeCJK_middle_margin_width_dim=\dimen337
\l__xeCJK_bound_punct_width_dim=\dimen338
\l__xeCJK_bound_margin_width_dim=\dimen339
\l__xeCJK_margin_minimum_dim=\dimen340
\l__xeCJK_kerning_total_width_dim=\dimen341
\l__xeCJK_same_align_margin_dim=\dimen342
\l__xeCJK_different_align_margin_dim=\dimen343
\l__xeCJK_kerning_margin_width_dim=\dimen344
\l__xeCJK_kerning_margin_minimum_dim=\dimen345
\l__xeCJK_bound_dim=\dimen346
\l__xeCJK_reverse_bound_dim=\dimen347
\l__xeCJK_margin_dim=\dimen348
\l__xeCJK_minimum_bound_dim=\dimen349
\l__xeCJK_kerning_margin_dim=\dimen350
\g__xeCJK_family_int=\count550
\l__xeCJK_fam_int=\count551
\g__xeCJK_fam_allocation_int=\count552
\l__xeCJK_verb_case_int=\count553
\l__xeCJK_verb_exspace_skip=\skip145

(C:\Users\Violet\scoop\apps\miktex\current\texmfs\install\tex/xelatex/xecjk\xeC
JK-listings.sty
Package: xeCJK-listings 2022/08/05 v3.9.1 xeCJK patch file for listings
\l__xeCJK_listings_max_char_int=\count554
\l__xeCJK_listings_flag_int=\count555
)
(C:\Users\Violet\scoop\apps\miktex\current\texmfs\install\tex/xelatex/xecjk\xeC
JK.cfg
File: xeCJK.cfg 2022/08/05 v3.9.1 Configuration file for xeCJK package
))
(C:\Users\Violet\scoop\apps\miktex\current\texmfs\install\tex/latex/diagbox\dia
gbox.sty
Package: diagbox 2020/02/09 v2.3 Making table heads with diagonal lines

(C:\Users\Violet\scoop\apps\miktex\current\texmfs\install\tex/latex/pict2e\pict
2e.sty
Package: pict2e 2020/09/30 v0.4b Improved picture commands (HjG,RN,JT)

(C:\Users\Violet\scoop\apps\miktex\current\texmfs\install\tex/latex/pict2e\pict
2e.cfg
File: pict2e.cfg 2016/02/05 v0.1u pict2e configuration for teTeX/TeXLive
)
Package pict2e Info: Driver file: xetex.def on input line 112.
Package pict2e Info: Driver file for pict2e: p2e-xetex.def on input line 114.

(C:\Users\Violet\scoop\apps\miktex\current\texmfs\install\tex/latex/pict2e\p2e-
xetex.def
File: p2e-xetex.def 2016/02/05 v0.1u Driver-dependant file (RN,HjG,JT)
)
\pIIe@GRAPH=\toks48
\@arclen=\dimen351
\@arcrad=\dimen352
\pIIe@tempdima=\dimen353
\pIIe@tempdimb=\dimen354
\pIIe@tempdimc=\dimen355
\pIIe@tempdimd=\dimen356
\pIIe@tempdime=\dimen357
\pIIe@tempdimf=\dimen358
)
\diagbox@boxa=\box136
\diagbox@boxb=\box137
\diagbox@boxm=\box138
\diagbox@wd=\dimen359
\diagbox@ht=\dimen360
\diagbox@insepl=\dimen361
\diagbox@insepr=\dimen362
\diagbox@outsepl=\dimen363
\diagbox@outsepr=\dimen364
)
(C:\Users\Violet\scoop\apps\miktex\current\texmfs\install\tex/latex/pdflscape\p
dflscape.sty
Package: pdflscape 2022-10-27 v0.13 Display of landscape pages in PDF

(C:\Users\Violet\scoop\apps\miktex\current\texmfs\install\tex/latex/pdflscape\p
dflscape-nometadata.sty
Package: pdflscape-nometadata 2022-10-28 v0.13 Display of landscape pages in PD
F (HO)

(C:\Users\Violet\scoop\apps\miktex\current\texmfs\install\tex/latex/graphics\ls
cape.sty
Package: lscape 2020/05/28 v3.02 Landscape Pages (DPC)
)
Package pdflscape Info: Auto-detected driver: dvipdfm (xetex) on input line 98.

))
Package csquotes Info: Checking for multilingual support...
Package csquotes Info: ... none found.


Package xeCJK Warning: Fandol is being set as the default font for CJK text.
(xeCJK)                Please make sure it has been properly installed.


(c:\Users\Violet\OneDrive - stu.hit.edu.cn\Mathmatiques\4.Mathmatiques appliq
ues\Latex\tmp\initial.aux)
\openout1 = `initial.aux'.

LaTeX Font Info:    Checking defaults for OML/cmm/m/it on input line 32.
LaTeX Font Info:    ... okay on input line 32.
LaTeX Font Info:    Checking defaults for OMS/cmsy/m/n on input line 32.
LaTeX Font Info:    ... okay on input line 32.
LaTeX Font Info:    Checking defaults for OT1/cmr/m/n on input line 32.
LaTeX Font Info:    ... okay on input line 32.
LaTeX Font Info:    Checking defaults for T1/cmr/m/n on input line 32.
LaTeX Font Info:    ... okay on input line 32.
LaTeX Font Info:    Checking defaults for TS1/cmr/m/n on input line 32.
LaTeX Font Info:    Trying to load font information for TS1+cmr on input line 3
2.

(C:\Users\Violet\scoop\apps\miktex\current\texmfs\install\tex/latex/base\ts1cmr
.fd
File: ts1cmr.fd 2023/04/13 v2.5m Standard LaTeX font definitions
)
LaTeX Font Info:    ... okay on input line 32.
LaTeX Font Info:    Checking defaults for TU/lmr/m/n on input line 32.
LaTeX Font Info:    ... okay on input line 32.
LaTeX Font Info:    Checking defaults for OMX/cmex/m/n on input line 32.
LaTeX Font Info:    ... okay on input line 32.
LaTeX Font Info:    Checking defaults for U/cmr/m/n on input line 32.
LaTeX Font Info:    ... okay on input line 32.
LaTeX Font Info:    Checking defaults for PD1/pdf/m/n on input line 32.
LaTeX Font Info:    ... okay on input line 32.
LaTeX Font Info:    Checking defaults for PU/pdf/m/n on input line 32.
LaTeX Font Info:    ... okay on input line 32.
Package hyperref Info: Link coloring ON on input line 32.

(c:\Users\Violet\OneDrive - stu.hit.edu.cn\Mathmatiques\4.Mathmatiques appliq
ues\Latex\tmp\initial.out)
(c:\Users\Violet\OneDrive - stu.hit.edu.cn\Mathmatiques\4.Mathmatiques appliq
ues\Latex\tmp\initial.out)
\@outlinefile=\write8
\openout8 = `initial.out'.


*geometry* driver: auto-detecting
*geometry* detected driver: xetex
*geometry* verbose mode - [ preamble ] result:
* driver: xetex
* paper: a4paper
* layout: <same size as paper>
* layoutoffset:(h,v)=(0.0pt,0.0pt)
* modes: 
* h-part:(L,W,R)=(56.9055pt, 483.69687pt, 56.9055pt)
* v-part:(T,H,B)=(72.26997pt, 700.5069pt, 72.26997pt)
* \paperwidth=597.50787pt
* \paperheight=845.04684pt
* \textwidth=483.69687pt
* \textheight=700.5069pt
* \oddsidemargin=-15.36449pt
* \evensidemargin=-15.36449pt
* \topmargin=-73.12352pt
* \headheight=61.74242pt
* \headsep=11.38109pt
* \topskip=11.0pt
* \footskip=34.1433pt
* \marginparwidth=53.0pt
* \marginparsep=7.0pt
* \columnsep=10.0pt
* \skip\footins=10.0pt plus 4.0pt minus 2.0pt
* \hoffset=0.0pt
* \voffset=0.0pt
* \mag=1000
* \@twocolumnfalse
* \@twosidefalse
* \@mparswitchfalse
* \@reversemarginfalse
* (1in=72.27pt=25.4mm, 1cm=28.453pt)

Package caption Info: Begin \AtBeginDocument code.
Package caption Info: listings package is loaded.
Package caption Info: End \AtBeginDocument code.

(C:\Users\Violet\scoop\apps\miktex\current\texmfs\install\tex/latex/footmisc\fo
otmisc.sty
Package: footmisc 2025/05/09 v7.0b a miscellany of footnote facilities

(C:\Users\Violet\scoop\apps\miktex\current\texmfs\install\tex/latex/footmisc\fo
otmisc-2022-02-14.sty
Package: footmisc 2024/12/24 v6.0g a miscellany of footnote facilities
\FN@temptoken=\toks49
\footnotemargin=\dimen365
\@outputbox@depth=\dimen366
Package footmisc Info: Declaring symbol style bringhurst on input line 699.
Package footmisc Info: Declaring symbol style chicago on input line 707.
Package footmisc Info: Declaring symbol style wiley on input line 716.
Package footmisc Info: Declaring symbol style lamport-robust on input line 727.

Package footmisc Info: Declaring symbol style lamport* on input line 747.
Package footmisc Info: Declaring symbol style lamport*-robust on input line 768
.
))
Package biblatex Info: Trying to load language 'english'...
Package biblatex Info: ... file 'english.lbx' found.

(C:\Users\Violet\scoop\apps\miktex\current\texmfs\install\tex/latex/biblatex/lb
x\english.lbx
File: english.lbx 2023/03/05 v3.19 biblatex localization (PK/MW)
)
Package biblatex Info: XeTeX detected.
(biblatex)             Assuming input encoding 'utf8'.
Package biblatex Info: Automatic encoding selection.
(biblatex)             Assuming data encoding 'utf8'.
\openout5 = `initial.bcf'.

Package biblatex Info: Trying to load bibliographic data...
Package biblatex Info: ... file 'initial.bbl' not found.

No file initial.bbl.
Package biblatex Info: Reference section=0 on input line 32.
Package biblatex Info: Reference segment=0 on input line 32.
\c@lstlisting=\count556
Package hyperref Info: Option `pageanchor' set `false' on input line 34.
*geometry* verbose mode - [ newgeometry ] result:
* driver: xetex
* paper: a4paper
* layout: <same size as paper>
* layoutoffset:(h,v)=(0.0pt,0.0pt)
* modes: 
* h-part:(L,W,R)=(0.0pt, 597.50787pt, 0.0pt)
* v-part:(T,H,B)=(0.0pt, 845.04684pt, 0.0pt)
* \paperwidth=597.50787pt
* \paperheight=845.04684pt
* \textwidth=597.50787pt
* \textheight=845.04684pt
* \oddsidemargin=-72.26999pt
* \evensidemargin=-72.26999pt
* \topmargin=-145.3935pt
* \headheight=61.74242pt
* \headsep=11.38109pt
* \topskip=11.0pt
* \footskip=34.1433pt
* \marginparwidth=53.0pt
* \marginparsep=7.0pt
* \columnsep=10.0pt
* \skip\footins=10.0pt plus 4.0pt minus 2.0pt
* \hoffset=0.0pt
* \voffset=0.0pt
* \mag=1000
* \@twocolumnfalse
* \@twosidefalse
* \@mparswitchfalse
* \@reversemarginfalse
* (1in=72.27pt=25.4mm, 1cm=28.453pt)

File: example-image.pdf Graphic file (type pdf)
<use example-image.pdf>
LaTeX Font Info:    Font shape `TU/Alegreya(0)/b/n' will be
(Font)              scaled to size 24.88pt on input line 34.
LaTeX Font Info:    Trying to load font information for U+rsfs on input line 34
.

(C:\Users\Violet\scoop\apps\miktex\current\texmfs\install\tex/latex/jknappen\ur
sfs.fd
File: ursfs.fd 1998/03/24 rsfs font definition file (jk)
)
LaTeX Font Info:    Trying to load font information for U+msa on input line 34.


(C:\Users\Violet\scoop\apps\miktex\current\texmfs\install\tex/latex/amsfonts\um
sa.fd
File: umsa.fd 2013/01/14 v3.01 AMS symbols A
)
LaTeX Font Info:    Trying to load font information for U+msb on input line 34.


(C:\Users\Violet\scoop\apps\miktex\current\texmfs\install\tex/latex/amsfonts\um
sb.fd
File: umsb.fd 2013/01/14 v3.01 AMS symbols B
)
LaTeX Font Info:    Font shape `TU/Alegreya(0)/b/n' will be
(Font)              scaled to size 20.74pt on input line 34.
LaTeX Font Info:    Font shape `TU/Alegreya(0)/b/n' will be
(Font)              scaled to size 14.4pt on input line 34.
LaTeX Font Info:    Font shape `TU/Alegreya(0)/m/it' will be
(Font)              scaled to size 10.95pt on input line 34.
 [1



]
(c:\Users\Violet\OneDrive - stu.hit.edu.cn\Mathmatiques\4.Mathmatiques appliq
ues\Latex\tmp\initial.toc)
\tf@toc=\write9
\openout9 = `initial.toc'.

 [1



]
Chapter 1.
[1


]
Chapter 2.
LaTeX Font Info:    Font shape `TU/Alegreya(0)/m/n' will be
(Font)              scaled to size 6.0pt on input line 57.
LaTeX Font Info:    Font shape `TU/Alegreya(0)/m/n' will be
(Font)              scaled to size 8.0pt on input line 58.
LaTeX Font Info:    Font shape `TU/Alegreya(0)/m/n' will be
(Font)              scaled to size 9.0pt on input line 59.
LaTeX Font Info:    Font shape `TU/Alegreya(0)/m/n' will be
(Font)              scaled to size 10.0pt on input line 60.
LaTeX Font Info:    Font shape `TU/Alegreya(0)/m/n' will be
(Font)              scaled to size 12.0pt on input line 62.
LaTeX Font Info:    Font shape `TU/Alegreya(0)/m/n' will be
(Font)              scaled to size 14.4pt on input line 63.
LaTeX Font Info:    Font shape `TU/Alegreya(0)/m/n' will be
(Font)              scaled to size 17.28pt on input line 64.
LaTeX Font Info:    Font shape `TU/Alegreya(0)/m/n' will be
(Font)              scaled to size 20.74pt on input line 65.
LaTeX Font Info:    Font shape `TU/Alegreya(0)/m/n' will be
(Font)              scaled to size 24.88pt on input line 66.

Overfull \hbox (17.043pt too wide) in paragraph at lines 57--67
[]\TU/Alegreya(0)/m/n/6 tiny $\OML/cmm/m/it/6 <$ \TU/Alegreya(0)/m/n/8 scriptsi
ze $\OML/cmm/m/it/8 <$ \TU/Alegreya(0)/m/n/9 footnotesize $\OML/cmm/m/it/9 <$ \
TU/Alegreya(0)/m/n/10 small $\OML/cmm/m/it/10 <$ \TU/Alegreya(0)/m/n/10.95 norm
alsize $\OML/cmm/m/it/10.95 <$ \TU/Alegreya(0)/m/n/12 large $\OML/cmm/m/it/12 <
$ \TU/Alegreya(0)/m/n/14.4 Large $\OML/cmm/m/it/14.4 <$ \TU/Alegreya(0)/m/n/17.
28 LARGE $\OML/cmm/m/it/17.28 <$ \TU/Alegreya(0)/m/n/20.74 huge $\OML/cmm/m/it/
20.74 <$ \TU/Alegreya(0)/m/n/24.88 Huge 
 []

LaTeX Font Info:    Font shape `TU/Alegreya(0)/b/it' will be
(Font)              scaled to size 10.95pt on input line 72.
[2

]
Chapter 3.
LaTeX Font Info:    Font shape `TU/Alegreya(0)/b/n' will be
(Font)              scaled to size 8.0pt on input line 97.

Overfull \hbox (8.89067pt too wide) in paragraph at lines 92--113
[][] 
 []

[3

]
Chapter 4.
[4

]
Chapter 5.
[5

]
Chapter 6.
[6

]
Chapter 7.
[7

]
Chapter 8.
[8

] [9

]
(c:\Users\Violet\OneDrive - stu.hit.edu.cn\Mathmatiques\4.Mathmatiques appliq
ues\Latex\tmp\initial.aux)
 ***********
LaTeX2e <2023-11-01> patch level 1
L3 programming layer <2022/08/05>
 ***********
Package rerunfilecheck Info: File `initial.out' has not changed.
(rerunfilecheck)             Checksum: C0BDB0EAB0315EE2890275CFE1772EC6;1754.
Package logreq Info: Writing requests to 'initial.run.xml'.
\openout1 = `initial.run.xml'.

 ) 
Here is how much of TeX's memory you used:
 47781 strings out of 409617
 977602 string characters out of 5771577
 1985694 words of memory out of 5000000
 69087 multiletter control sequences out of 15000+600000
 578255 words of font info for 207 fonts, out of 8000000 for 9000
 1348 hyphenation exceptions out of 8191
 99i,15n,101p,682b,2393s stack positions out of 10000i,1000n,20000p,200000b,200000s

Output written on c:\Users\Violet\OneDrive - stu.hit.edu.cn\Mathmatiques\4.Mat
hmatiques appliques\Latex\tmp\initial.pdf (11 pages).
