\BOOKMARK [0][]{chapter*.2}{\376\377\000P\000r\000e\000f\000a\000c\000e}{}% 1
\BOOKMARK [0][]{chapter.1}{\376\377\0001\000\040\000I\000n\000t\000r\000o\000d\000u\000c\000t\000i\000o\000n}{}% 2
\BOOKMARK [1][]{section.1.1}{\376\377\0001\000.\0001\000\040\000C\000l\000a\000s\000s\000i\000f\000i\000c\000a\000t\000i\000o\000n\000\040\000o\000f\000\040\000D\000i\000f\000f\000e\000r\000e\000n\000t\000i\000a\000l\000\040\000E\000q\000u\000a\000t\000i\000o\000n\000s}{chapter.1}% 3
\BOOKMARK [1][]{section.1.2}{\376\377\0001\000.\0002\000\040\000S\000o\000l\000u\000t\000i\000o\000n\000\040\000t\000o\000\040\000a\000\040\000O\000r\000d\000i\000n\000a\000r\000y\000\040\000D\000i\000f\000f\000e\000r\000e\000n\000t\000i\000a\000l\000\040\000E\000q\000u\000a\000t\000i\000o\000n}{chapter.1}% 4
\BOOKMARK [0][]{chapter.2}{\376\377\0002\000\040\000F\000i\000r\000s\000t\000\040\000O\000r\000d\000e\000r\000\040\000E\000q\000u\000a\000t\000i\000o\000n\000s}{}% 5
\BOOKMARK [1][]{section.2.1}{\376\377\0002\000.\0001\000\040\000E\000x\000a\000c\000t\000\040\000E\000q\000u\000a\000t\000i\000o\000n\000s}{chapter.2}% 6
\BOOKMARK [1][]{section.2.2}{\376\377\0002\000.\0002\000\040\000S\000e\000p\000a\000r\000a\000b\000l\000e\000\040\000E\000q\000u\000a\000t\000i\000o\000n\000s}{chapter.2}% 7
\BOOKMARK [1][]{section.2.3}{\376\377\0002\000.\0003\000\040\000H\000o\000m\000o\000g\000e\000n\000e\000o\000u\000s\000\040\000E\000q\000u\000a\000t\000i\000o\000n\000s}{chapter.2}% 8
\BOOKMARK [1][]{section.2.4}{\376\377\0002\000.\0004\000\040\000L\000i\000n\000e\000a\000r\000\040\000E\000q\000u\000a\000t\000i\000o\000n\000s}{chapter.2}% 9
\BOOKMARK [1][]{section.2.5}{\376\377\0002\000.\0005\000\040\000I\000n\000t\000e\000g\000r\000a\000t\000i\000n\000g\000\040\000F\000a\000c\000t\000o\000r\000s}{chapter.2}% 10
\BOOKMARK [1][]{section.2.6}{\376\377\0002\000.\0006\000\040\000I\000m\000p\000l\000i\000c\000i\000t\000\040\000E\000q\000u\000a\000t\000i\000o\000n\000s}{chapter.2}% 11
\BOOKMARK [0][]{chapter.3}{\376\377\0003\000\040\000E\000x\000i\000s\000t\000e\000n\000c\000e\000\040\000a\000n\000d\000\040\000U\000n\000i\000q\000u\000e\000n\000e\000s\000s\000\040\000T\000h\000e\000o\000r\000e\000m}{}% 12
\BOOKMARK [1][]{section.3.1}{\376\377\0003\000.\0001\000\040\000P\000i\000c\000a\000r\000d\000-\000L\000i\000n\000d\000e\000l\000\366\000f\000\040\000T\000h\000e\000o\000r\000e\000m}{chapter.3}% 13
\BOOKMARK [1][]{section.3.2}{\376\377\0003\000.\0002\000\040\000C\000o\000n\000t\000i\000n\000u\000a\000t\000i\000o\000n\000\040\000o\000f\000\040\000t\000h\000e\000\040\000S\000o\000l\000u\000t\000i\000o\000n}{chapter.3}% 14
\BOOKMARK [1][]{section.3.3}{\376\377\0003\000.\0003\000\040\000S\000i\000n\000g\000u\000l\000a\000r\000\040\000S\000o\000l\000u\000t\000i\000o\000n\000s\000\040\000a\000n\000d\000\040\000E\000n\000v\000e\000l\000o\000p\000e\000s}{chapter.3}% 15
\BOOKMARK [1][]{section.3.4}{\376\377\0003\000.\0004\000\040\000D\000e\000p\000e\000n\000d\000e\000n\000c\000y\000\040\000o\000f\000\040\000S\000o\000l\000u\000t\000i\000o\000n\000s\000\040\000o\000n\000\040\000I\000n\000i\000t\000i\000a\000l\000\040\000D\000a\000t\000a}{chapter.3}% 16
\BOOKMARK [0][]{chapter.4}{\376\377\0004\000\040\000S\000y\000s\000t\000e\000m\000\040\000o\000f\000\040\000F\000i\000r\000s\000t\000-\000O\000r\000d\000e\000r\000\040\000L\000i\000n\000e\000a\000r\000\040\000E\000q\000u\000a\000t\000i\000o\000n\000s}{}% 17
\BOOKMARK [1][]{section.4.1}{\376\377\0004\000.\0001\000\040\000S\000y\000s\000t\000e\000m\000\040\000o\000f\000\040\000F\000i\000r\000s\000t\000-\000O\000r\000d\000e\000r\000\040\000L\000i\000n\000e\000a\000r\000\040\000E\000q\000u\000a\000t\000i\000o\000n\000s}{chapter.4}% 18
\BOOKMARK [1][]{section.4.2}{\376\377\0004\000.\0002\000\040\000G\000e\000n\000e\000r\000a\000l\000\040\000T\000h\000e\000o\000r\000y\000\040\000o\000f\000\040\000H\000o\000m\000o\000g\000e\000n\000e\000o\000u\000s\000\040\000L\000i\000n\000e\000a\000r\000\040\000S\000y\000s\000t\000e\000m\000s}{chapter.4}% 19
\BOOKMARK [1][]{section.4.3}{\376\377\0004\000.\0003\000\040\000G\000e\000n\000e\000r\000a\000l\000\040\000T\000h\000e\000o\000r\000y\000\040\000o\000f\000\040\000N\000o\000n\000-\000H\000o\000m\000o\000g\000e\000n\000e\000o\000u\000s\000\040\000L\000i\000n\000e\000a\000r\000\040\000S\000y\000s\000t\000e\000m\000s}{chapter.4}% 20
\BOOKMARK [1][]{section.4.4}{\376\377\0004\000.\0004\000\040\000S\000o\000l\000u\000t\000i\000o\000n\000\040\000t\000o\000\040\000C\000o\000n\000s\000t\000a\000n\000t\000\040\000C\000o\000e\000f\000f\000i\000c\000i\000e\000n\000t\000\040\000H\000o\000m\000o\000g\000e\000n\000e\000o\000u\000s\000\040\000L\000i\000n\000e\000a\000r\000\040\000S\000y\000s\000t\000e\000m\000s}{chapter.4}% 21
\BOOKMARK [1][]{section.4.5}{\376\377\0004\000.\0005\000\040\000P\000e\000r\000i\000o\000d\000i\000c\000\040\000C\000o\000e\000f\000f\000i\000c\000i\000e\000n\000t\000\040\000L\000i\000n\000e\000a\000r\000\040\000D\000i\000f\000f\000e\000r\000e\000n\000t\000i\000a\000l\000\040\000E\000q\000u\000a\000t\000i\000o\000n\000\040\000S\000y\000s\000t\000e\000m\000s}{chapter.4}% 22
\BOOKMARK [0][]{chapter.5}{\376\377\0005\000\040\000S\000y\000s\000t\000e\000m\000\040\000o\000f\000\040\000H\000i\000g\000h\000e\000r\000-\000O\000r\000d\000e\000r\000\040\000L\000i\000n\000e\000a\000r\000\040\000E\000q\000u\000a\000t\000i\000o\000n\000s}{}% 23
\BOOKMARK [1][]{section.5.1}{\376\377\0005\000.\0001\000\040\000G\000e\000n\000e\000r\000a\000l\000\040\000T\000h\000e\000o\000r\000y\000\040\000o\000f\000\040\000H\000i\000g\000h\000e\000r\000-\000O\000r\000d\000e\000r\000\040\000L\000i\000n\000e\000a\000r\000\040\000E\000q\000u\000a\000t\000i\000o\000n\000s}{chapter.5}% 24
\BOOKMARK [1][]{section.5.2}{\376\377\0005\000.\0002\000\040\000S\000o\000l\000u\000t\000i\000o\000n\000\040\000t\000o\000\040\000C\000o\000n\000s\000t\000a\000n\000t\000\040\000C\000o\000e\000f\000f\000i\000c\000i\000e\000n\000t\000\040\000H\000o\000m\000o\000g\000e\000n\000e\000o\000u\000s\000\040\000L\000i\000n\000e\000a\000r\000\040\000E\000q\000u\000a\000t\000i\000o\000n\000s}{chapter.5}% 25
\BOOKMARK [1][]{section.5.3}{\376\377\0005\000.\0003\000\040\000M\000e\000t\000h\000o\000d\000\040\000o\000f\000\040\000U\000n\000d\000e\000t\000e\000r\000m\000i\000n\000e\000d\000\040\000C\000o\000e\000f\000f\000i\000c\000i\000e\000n\000t\000s}{chapter.5}% 26
\BOOKMARK [1][]{section.5.4}{\376\377\0005\000.\0004\000\040\000L\000a\000p\000l\000a\000c\000e\000\040\000T\000r\000a\000n\000s\000f\000o\000r\000m\000\040\000M\000e\000t\000h\000o\000d}{chapter.5}% 27
\BOOKMARK [0][]{chapter.6}{\376\377\0006\000\040\000N\000o\000n\000l\000i\000n\000e\000a\000r\000\040\000E\000q\000u\000a\000t\000i\000o\000n\000s\000\040\000a\000n\000d\000\040\000S\000t\000a\000b\000i\000l\000i\000t\000y}{}% 28
\BOOKMARK [1][]{section.6.1}{\376\377\0006\000.\0001\000\040\000T\000h\000e\000\040\000P\000h\000a\000s\000e\000\040\000P\000l\000a\000n\000e}{chapter.6}% 29
\BOOKMARK [1][]{section.6.2}{\376\377\0006\000.\0002\000\040\004\033\004\117\004\077\004\103\004\075\004\076\004\062\000\040\000S\000t\000a\000b\000i\000l\000i\000t\000y}{chapter.6}% 30
\BOOKMARK [1][]{section.6.3}{\376\377\0006\000.\0003\000\040\004\033\004\117\004\077\004\103\004\075\004\076\004\062\000\040\000S\000e\000c\000o\000n\000d\000\040\000M\000e\000t\000h\000o\000d}{chapter.6}% 31
\BOOKMARK [1][]{section.6.4}{\376\377\0006\000.\0004\000\040\000C\000r\000i\000t\000i\000c\000a\000l\000\040\000P\000o\000i\000n\000t\000s\000\040\000a\000n\000d\000\040\000L\000i\000m\000i\000t\000\040\000C\000y\000c\000l\000e\000s}{chapter.6}% 32
\BOOKMARK [0][]{chapter.7}{\376\377\0007\000\040\000F\000i\000r\000s\000t\000-\000O\000r\000d\000e\000r\000\040\000P\000a\000r\000t\000i\000a\000l\000\040\000D\000i\000f\000f\000e\000r\000e\000n\000t\000i\000a\000l\000\040\000E\000q\000u\000a\000t\000i\000o\000n\000s}{}% 33
\BOOKMARK [1][]{section.7.1}{\376\377\0007\000.\0001\000\040\000C\000h\000a\000r\000a\000c\000t\000e\000r\000i\000s\000t\000i\000c\000s\000\040\000M\000e\000t\000h\000o\000d}{chapter.7}% 34
\BOOKMARK [1][]{section.7.2}{\376\377\0007\000.\0002\000\040\000F\000i\000r\000s\000t\000\040\000I\000n\000t\000e\000g\000r\000a\000l\000s}{chapter.7}% 35
\BOOKMARK [1][]{section.7.3}{\376\377\0007\000.\0003\000\040\000F\000i\000r\000s\000t\000-\000O\000r\000d\000e\000r\000\040\000L\000i\000n\000e\000a\000r\000\040\000H\000o\000m\000o\000g\000e\000n\000e\000o\000u\000s\000\040\000P\000a\000r\000t\000i\000a\000l\000\040\000D\000i\000f\000f\000e\000r\000e\000n\000t\000i\000a\000l\000\040\000E\000q\000u\000a\000t\000i\000o\000n\000s}{chapter.7}% 36
\BOOKMARK [1][]{section.7.4}{\376\377\0007\000.\0004\000\040\000F\000i\000r\000s\000t\000-\000O\000r\000d\000e\000r\000\040\000Q\000u\000a\000s\000i\000-\000L\000i\000n\000e\000a\000r\000\040\000N\000o\000n\000h\000o\000m\000o\000g\000e\000n\000e\000o\000u\000s\000\040\000P\000a\000r\000t\000i\000a\000l\000\040\000D\000i\000f\000f\000e\000r\000e\000n\000t\000i\000a\000l\000\040\000E\000q\000u\000a\000t\000i\000o\000n\000s}{chapter.7}% 37
\BOOKMARK [0][]{chapter.8}{\376\377\0008\000\040\000B\000o\000u\000n\000d\000a\000r\000y\000\040\000V\000a\000l\000u\000e\000\040\000P\000r\000o\000b\000l\000e\000m\000s}{}% 38
\BOOKMARK [1][]{section.8.1}{\376\377\0008\000.\0001\000\040\000S\000t\000u\000r\000m\000-\000L\000i\000o\000u\000v\000i\000l\000l\000e\000\040\000P\000r\000o\000b\000l\000e\000m\000s}{chapter.8}% 39
