mktextfm GaramondPremrPro-Disp
mktextfm GaramondPremrPro-Disp
mktextfm GaramondPremrPro-Disp
mktextfm GaramondPremrPro-Disp/BI
mktextfm GaramondPremrPro-Disp
mktextfm GaramondPremrPro-Disp/B
mktextfm GaramondPremrPro-Disp
mktextfm GaramondPremrPro-Disp/I
mktextfm GaramondPremrPro-Disp
mktextfm GaramondPremrPro-Disp
mktextfm GaramondPremrPro-Disp
mktextfm GaramondPremrPro-Disp
mktextfm GaramondPremrPro-Disp
mktextfm GaramondPremrPro-Disp
mktextfm Bembo
mktextfm Bembo
mktextfm Bembo
mktextfm Bembo/BI
mktextfm Bembo
mktextfm Bembo/B
mktextfm Bembo
mktextfm Bembo/I
mktextfm Bembo
mktextfm Bembo
mktextfm NeutraTextTF-Book
mktextfm NeutraTextTF-Book
mktextfm NeutraTextTF-Book
mktextfm NeutraTextTF-Book/BI
mktextfm NeutraTextTF-Book
mktextfm NeutraTextTF-Book/B
mktextfm NeutraTextTF-Book
mktextfm NeutraTextTF-Book/I
mktextfm NeutraTextTF-Book
mktextfm NeutraTextTF-Book
mktextfm NeutraTextTF-Book
mktextfm GaramondPremrPro-Disp
mktextfm GaramondPremrPro-Disp
mktextfm Bembo
mktextfm GaramondPremrPro-Disp
mktextfm GaramondPremrPro-Disp
mktextfm GaramondPremrPro-Disp
mktextfm GaramondPremrPro-Disp/BI
mktextfm GaramondPremrPro-Disp
mktextfm GaramondPremrPro-Disp/B
mktextfm GaramondPremrPro-Disp
mktextfm GaramondPremrPro-Disp/I
mktextfm GaramondPremrPro-Disp
mktextfm GaramondPremrPro-Disp
mktextfm GaramondPremrPro-Disp
mktextfm GaramondPremrPro-Disp
mktextfm GaramondPremrPro-Disp
mktextfm GaramondPremrPro-Disp
mktextfm Bembo
mktextfm Bembo
mktextfm Bembo
mktextfm Bembo/BI
mktextfm Bembo
mktextfm Bembo/B
mktextfm Bembo
mktextfm Bembo/I
mktextfm Bembo
mktextfm Bembo
mktextfm NeutraTextTF-Book
mktextfm NeutraTextTF-Book
mktextfm NeutraTextTF-Book
mktextfm NeutraTextTF-Book/BI
mktextfm NeutraTextTF-Book
mktextfm NeutraTextTF-Book/B
mktextfm NeutraTextTF-Book
mktextfm NeutraTextTF-Book/I
mktextfm NeutraTextTF-Book
mktextfm NeutraTextTF-Book
mktextfm NeutraTextTF-Book
mktextfm GaramondPremrPro-Disp
mktextfm GaramondPremrPro-Disp
mktextfm Bembo
mktextfm GaramondPremrPro-Disp
mktextfm GaramondPremrPro-Disp
mktextfm GaramondPremrPro-Disp
mktextfm GaramondPremrPro-Disp/BI
mktextfm GaramondPremrPro-Disp
mktextfm GaramondPremrPro-Disp/B
mktextfm GaramondPremrPro-Disp
mktextfm GaramondPremrPro-Disp/I
mktextfm GaramondPremrPro-Disp
mktextfm GaramondPremrPro-Disp
mktextfm GaramondPremrPro-Disp
mktextfm GaramondPremrPro-Disp
mktextfm GaramondPremrPro-Disp
mktextfm GaramondPremrPro-Disp
mktextfm Bembo
mktextfm Bembo
mktextfm Bembo
mktextfm Bembo/BI
mktextfm Bembo
mktextfm Bembo/B
mktextfm Bembo
mktextfm Bembo/I
mktextfm Bembo
mktextfm Bembo
mktextfm NeutraTextTF-Book
mktextfm NeutraTextTF-Book
mktextfm NeutraTextTF-Book
mktextfm NeutraTextTF-Book/BI
mktextfm NeutraTextTF-Book
mktextfm NeutraTextTF-Book/B
mktextfm NeutraTextTF-Book
mktextfm NeutraTextTF-Book/I
mktextfm NeutraTextTF-Book
mktextfm NeutraTextTF-Book
mktextfm NeutraTextTF-Book
mktextfm GaramondPremrPro-Disp
mktextfm GaramondPremrPro-Disp
mktextfm Bembo
mktextfm GaramondPremrPro-Disp
mktextfm GaramondPremrPro-Disp
mktextfm GaramondPremrPro-Disp
mktextfm GaramondPremrPro-Disp/BI
mktextfm GaramondPremrPro-Disp
mktextfm GaramondPremrPro-Disp/B
mktextfm GaramondPremrPro-Disp
mktextfm GaramondPremrPro-Disp/I
mktextfm GaramondPremrPro-Disp
mktextfm GaramondPremrPro-Disp
mktextfm GaramondPremrPro-Disp
mktextfm GaramondPremrPro-Disp
mktextfm GaramondPremrPro-Disp
mktextfm GaramondPremrPro-Disp
mktextfm Bembo
mktextfm Bembo
mktextfm Bembo
mktextfm Bembo/BI
mktextfm Bembo
mktextfm Bembo/B
mktextfm Bembo
mktextfm Bembo/I
mktextfm Bembo
mktextfm Bembo
mktextfm NeutraTextTF-Book
mktextfm NeutraTextTF-Book
mktextfm NeutraTextTF-Book
mktextfm NeutraTextTF-Book/BI
mktextfm NeutraTextTF-Book
mktextfm NeutraTextTF-Book/B
mktextfm NeutraTextTF-Book
mktextfm NeutraTextTF-Book/I
mktextfm NeutraTextTF-Book
mktextfm NeutraTextTF-Book
mktextfm NeutraTextTF-Book
mktextfm GaramondPremrPro-Disp
mktextfm GaramondPremrPro-Disp
mktextfm Bembo
