\BOOKMARK [0][]{chapter*.2}{\376\377\000P\000r\000e\000f\000a\000c\000e}{}% 1
\BOOKMARK [0][]{chapter.1}{\376\377\0001\000\040\000N\000a\000i\000v\000e\000\040\000S\000e\000t\000\040\000T\000h\000e\000o\000r\000y}{}% 2
\BOOKMARK [1][]{section.1.1}{\376\377\0001\000.\0001\000\040\000S\000e\000t\000s\000\040\000a\000n\000d\000\040\000T\000h\000e\000i\000r\000\040\000O\000p\000e\000r\000a\000t\000i\000o\000n\000s}{chapter.1}% 3
\BOOKMARK [1][]{section.1.2}{\376\377\0001\000.\0002\000\040\000R\000e\000l\000a\000t\000i\000o\000n\000s\000\040\000a\000n\000d\000\040\000M\000a\000p\000p\000i\000n\000g\000s}{chapter.1}% 4
\BOOKMARK [0][]{chapter.2}{\376\377\0002\000\040\000Z\000e\000r\000m\000e\000l\000o\000-\000F\000r\000a\000e\000n\000k\000e\000l\000\040\000S\000e\000t\000\040\000T\000h\000e\000o\000r\000y}{}% 5
\BOOKMARK [1][]{section.2.1}{\376\377\0002\000.\0001\000\040\000A\000x\000i\000o\000m\000s\000\040\000o\000f\000\040\000Z\000F\000C}{chapter.2}% 6
\BOOKMARK [1][]{section.2.2}{\376\377\0002\000.\0002\000\040\000A\000x\000i\000o\000m\000\040\000o\000f\000\040\000C\000h\000o\000i\000c\000e}{chapter.2}% 7
\BOOKMARK [1][]{section.2.3}{\376\377\0002\000.\0003\000\040\000V\000o\000n\000\040\000N\000e\000u\000m\000a\000n\000n\000-\000B\000e\000r\000n\000a\000y\000s\000-\000G\000\366\000d\000e\000l\000\040\000S\000e\000t\000\040\000T\000h\000e\000o\000r\000y}{chapter.2}% 8
\BOOKMARK [0][]{chapter.3}{\376\377\0003\000\040\000O\000r\000d\000i\000n\000a\000l\000s}{}% 9
\BOOKMARK [1][]{section.3.1}{\376\377\0003\000.\0001\000\040\000O\000r\000d\000e\000r}{chapter.3}% 10
\BOOKMARK [1][]{section.3.2}{\376\377\0003\000.\0002\000\040\000O\000r\000d\000i\000n\000a\000l\000\040\000N\000u\000m\000b\000e\000r\000s}{chapter.3}% 11
\BOOKMARK [1][]{section.3.3}{\376\377\0003\000.\0003\000\040\000I\000n\000d\000u\000c\000t\000i\000o\000n\000\040\000a\000n\000d\000\040\000R\000e\000c\000u\000r\000s\000i\000o\000n}{chapter.3}% 12
\BOOKMARK [1][]{section.3.4}{\376\377\0003\000.\0004\000\040\000O\000r\000d\000i\000n\000a\000l\000\040\000A\000r\000i\000t\000h\000m\000e\000t\000i\000c}{chapter.3}% 13
\BOOKMARK [0][]{chapter.4}{\376\377\0004\000\040\000C\000a\000r\000d\000i\000n\000a\000l\000s}{}% 14
\BOOKMARK [1][]{section.4.1}{\376\377\0004\000.\0001\000\040\000C\000a\000r\000d\000i\000n\000a\000l\000i\000t\000y}{chapter.4}% 15
\BOOKMARK [1][]{section.4.2}{\376\377\0004\000.\0002\000\040\000C\000a\000r\000d\000i\000n\000a\000l\000\040\000A\000r\000i\000t\000h\000m\000e\000t\000i\000c}{chapter.4}% 16
\BOOKMARK [1][]{section.4.3}{\376\377\0004\000.\0003\000\040\000T\000h\000e\000\040\000C\000a\000n\000o\000n\000i\000c\000a\000l\000\040\000W\000e\000l\000l\000-\000O\000r\000d\000e\000r\000i\000n\000g\000\040\000o\000f\000\040}{chapter.4}% 17
\BOOKMARK [1][]{section.4.4}{\376\377\0004\000.\0004\000\040\000C\000o\000f\000i\000n\000a\000l\000i\000t\000y}{chapter.4}% 18
\BOOKMARK [0][]{chapter.5}{\376\377\0005\000\040\000R\000e\000a\000l\000\040\000N\000u\000m\000b\000e\000r\000s}{}% 19
\BOOKMARK [1][]{section.5.1}{\376\377\0005\000.\0001\000\040\000C\000o\000n\000s\000t\000r\000u\000c\000t\000i\000o\000n\000\040\000o\000f\000\040\000R\000e\000a\000l\000\040\000N\000u\000m\000b\000e\000r\000s\000\040\000a\000n\000d\000\040\000t\000h\000e\000\040\000C\000a\000r\000d\000i\000n\000a\000l\000i\000t\000y\000\040\000o\000f\000\040\000t\000h\000e\000\040\000C\000o\000n\000t\000i\000n\000u\000u\000m}{chapter.5}% 20
\BOOKMARK [1][]{section.5.2}{\376\377\0005\000.\0002\000\040\000P\000o\000i\000n\000t\000\040\000S\000e\000t\000s\000\040\000i\000n\000\040\000E\000u\000c\000l\000i\000d\000e\000a\000n\000\040\000S\000p\000a\000c\000e}{chapter.5}% 21
\BOOKMARK [0][]{chapter.6}{\376\377\0006\000\040\000S\000p\000e\000c\000i\000a\000l\000\040\000C\000l\000a\000s\000s\000e\000s\000\040\000o\000f\000\040\000S\000e\000t\000s}{}% 22
\BOOKMARK [0][]{chapter.7}{\376\377\0007\000\040\000F\000i\000l\000t\000e\000r\000s\000\040\000a\000n\000d\000\040\000B\000o\000o\000l\000e\000a\000n\000\040\000A\000l\000g\000e\000b\000r\000a\000s}{}% 23
\BOOKMARK [1][]{section.7.1}{\376\377\0007\000.\0001\000\040\000F\000i\000l\000t\000e\000r\000s\000\040\000a\000n\000d\000\040\000U\000l\000t\000r\000a\000f\000i\000l\000t\000e\000r\000s}{chapter.7}% 24
\BOOKMARK [1][]{section.7.2}{\376\377\0007\000.\0002\000\040\000B\000o\000o\000l\000e\000a\000n\000\040\000A\000l\000g\000e\000b\000r\000a\000s}{chapter.7}% 25
\BOOKMARK [0][]{chapter.8}{\376\377\0008\000\040\000B\000o\000r\000e\000l\000\040\000a\000n\000d\000\040\000A\000n\000a\000l\000y\000t\000i\000c\000\040\000S\000e\000t\000s}{}% 26
\BOOKMARK [1][]{section.8.1}{\376\377\0008\000.\0001\000\040\000B\000o\000r\000e\000l\000\040\000S\000e\000t\000s}{chapter.8}% 27
