\BOOKMARK [0][]{chapter*.2}{\376\377\000P\000r\000e\000f\000a\000c\000e}{}% 1
\BOOKMARK [0][]{chapter.1}{\376\377\0001\000\040\000C\000l\000a\000s\000s\000i\000c\000a\000l\000\040\000F\000o\000u\000r\000i\000e\000r\000\040\000S\000e\000r\000i\000e\000s}{}% 2
\BOOKMARK [1][]{section.1.1}{\376\377\0001\000.\0001\000\040\000F\000o\000u\000r\000i\000e\000r\000\040\000C\000o\000e\000f\000f\000i\000c\000i\000e\000n\000t\000s}{chapter.1}% 3
\BOOKMARK [1][]{section.1.2}{\376\377\0001\000.\0002\000\040\000T\000h\000e\000\040\000D\000i\000r\000i\000c\000h\000l\000e\000t\000\040\000K\000e\000r\000n\000e\000l}{chapter.1}% 4
\BOOKMARK [1][]{section.1.3}{\376\377\0001\000.\0003\000\040\000P\000o\000i\000n\000t\000w\000i\000s\000e\000\040\000C\000o\000n\000v\000e\000r\000g\000e\000n\000c\000e\000\040\000T\000e\000s\000t\000s}{chapter.1}% 5
\BOOKMARK [1][]{section.1.4}{\376\377\0001\000.\0004\000\040\000P\000r\000o\000p\000e\000r\000t\000i\000e\000s\000\040\000o\000f\000\040\000F\000o\000u\000r\000i\000e\000r\000\040\000s\000e\000r\000i\000e\000s}{chapter.1}% 6
\BOOKMARK [0][]{chapter.2}{\376\377\0002\000\040\000C\000e\000s\000\340\000r\000o\000\040\000S\000u\000m\000m\000a\000t\000i\000o\000n}{}% 7
\BOOKMARK [1][]{section.2.1}{\376\377\0002\000.\0001\000\040\000C\000e\000s\000\340\000r\000o\000\040\000S\000u\000m\000m\000a\000t\000i\000o\000n\000\040\000a\000n\000d\000\040\000F\000e\000j\000\351\000r\000\040\000K\000e\000r\000n\000e\000l}{chapter.2}% 8
\BOOKMARK [1][]{section.2.2}{\376\377\0002\000.\0002\000\040\000S\000q\000u\000a\000r\000e\000\040\000m\000e\000a\000n\000\040\000C\000o\000n\000v\000e\000r\000g\000e\000n\000c\000e}{chapter.2}% 9
\BOOKMARK [1][]{section.2.3}{\376\377\0002\000.\0003\000\040\000E\000q\000u\000i\000d\000i\000s\000t\000r\000i\000b\000u\000t\000i\000o\000n}{chapter.2}% 10
\BOOKMARK [1][]{section.2.4}{\376\377\0002\000.\0004\000\040\000P\000o\000i\000s\000s\000o\000n\000\040\000K\000e\000r\000n\000e\000l}{chapter.2}% 11
\BOOKMARK [0][]{chapter.3}{\376\377\0003\000\040\000M\000o\000d\000e\000r\000n\000\040\000F\000o\000u\000r\000i\000e\000r\000\040\000A\000n\000a\000l\000y\000s\000i\000s}{}% 12
\BOOKMARK [1][]{section.3.1}{\376\377\0003\000.\0001\000\040\000L\0001\000\040\000S\000p\000a\000c\000e}{chapter.3}% 13
\BOOKMARK [1][]{section.3.2}{\376\377\0003\000.\0002\000\040\000L\0002\000\040\000S\000p\000a\000c\000e}{chapter.3}% 14
\BOOKMARK [1][]{section.3.3}{\376\377\0003\000.\0003\000\040\000C\000o\000n\000v\000e\000r\000g\000e\000n\000c\000e\000\040\000T\000h\000e\000o\000r\000y\000\040\000i\000n\000\040\000L\0002\000\040\000S\000p\000a\000c\000e}{chapter.3}% 15
\BOOKMARK [0][]{chapter.4}{\376\377\0004\000\040\000F\000o\000u\000r\000i\000e\000r\000\040\000T\000r\000a\000n\000s\000f\000o\000r\000m}{}% 16
\BOOKMARK [1][]{section.4.1}{\376\377\0004\000.\0001\000\040\000I\000n\000t\000r\000o\000d\000u\000c\000t\000i\000o\000n\000\040\000t\000o\000\040\000F\000o\000u\000r\000i\000e\000r\000\040\000T\000r\000a\000n\000s\000f\000o\000r\000m}{chapter.4}% 17
\BOOKMARK [1][]{section.4.2}{\376\377\0004\000.\0002\000\040\000S\000c\000h\000w\000a\000r\000t\000z\000\040\000S\000p\000a\000c\000e}{chapter.4}% 18
\BOOKMARK [1][]{section.4.3}{\376\377\0004\000.\0003\000\040\000B\000a\000s\000i\000c\000\040\000P\000r\000o\000p\000e\000r\000t\000i\000e\000s}{chapter.4}% 19
\BOOKMARK [1][]{section.4.4}{\376\377\0004\000.\0004\000\040\000F\000o\000u\000r\000i\000e\000r\000\040\000I\000n\000v\000e\000r\000s\000i\000o\000n\000\040\000T\000h\000e\000o\000r\000e\000m}{chapter.4}% 20
\BOOKMARK [1][]{section.4.5}{\376\377\0004\000.\0005\000\040\000T\000h\000e\000\040\000D\000i\000c\000h\000o\000t\000o\000m\000y}{chapter.4}% 21
\BOOKMARK [1][]{section.4.6}{\376\377\0004\000.\0006\000\040\000H\000e\000i\000s\000e\000n\000b\000e\000r\000g\000'\000s\000\040\000U\000n\000c\000e\000r\000t\000a\000i\000n\000t\000y\000\040\000P\000r\000i\000n\000c\000i\000p\000l\000e}{chapter.4}% 22
\BOOKMARK [1][]{section.4.7}{\376\377\0004\000.\0007\000\040\000L\000a\000p\000l\000a\000c\000e\000\040\000T\000r\000a\000n\000s\000f\000o\000r\000m}{chapter.4}% 23
\BOOKMARK [1][]{section.4.8}{\376\377\0004\000.\0008\000\040\000F\000a\000s\000t\000\040\000F\000o\000u\000r\000i\000e\000r\000\040\000T\000r\000a\000n\000s\000f\000o\000r\000m}{chapter.4}% 24
\BOOKMARK [0][]{chapter.5}{\376\377\0005\000\040\000S\000o\000b\000o\000l\000e\000v\000\040\000S\000p\000a\000c\000e\000s}{}% 25
