\BOOKMARK [0][]{chapter*.2}{\376\377\000P\000r\000e\000f\000a\000c\000e}{}% 1
\BOOKMARK [0][]{chapter.1}{\376\377\0001\000\040\000P\000r\000e\000l\000i\000m\000i\000n\000a\000r\000i\000e\000s}{}% 2
\BOOKMARK [1][]{section.1.1}{\376\377\0001\000.\0001\000\040\000S\000e\000c\000t\000i\000o\000n\000\040\000T\000i\000t\000l\000e}{chapter.1}% 3
\BOOKMARK [2][]{subsection.1.1.1}{\376\377\0001\000.\0001\000.\0001\000\040\000S\000u\000b\000s\000e\000c\000t\000i\000o\000n\000\040\000T\000i\000t\000l\000e}{section.1.1}% 4
\BOOKMARK [0][]{chapter.2}{\376\377\0002\000\040\000L\000i\000m\000i\000t\000s\000\040\000o\000f\000\040\000S\000e\000q\000u\000e\000n\000c\000e\000s\000\040\000a\000n\000d\000\040\000C\000o\000n\000t\000i\000n\000u\000i\000t\000y\000\040\000o\000f\000\040\000R\000e\000a\000l\000\040\000N\000u\000m\000b\000e\000r\000\040\000S\000y\000s\000t\000e\000m}{}% 5
\BOOKMARK [1][]{section.2.1}{\376\377\0002\000.\0001\000\040\000L\000i\000m\000i\000t\000s\000\040\000o\000f\000\040\000S\000e\000q\000u\000e\000n\000c\000e\000s}{chapter.2}% 6
\BOOKMARK [1][]{section.2.2}{\376\377\0002\000.\0002\000\040\000C\000r\000i\000t\000e\000r\000i\000a\000\040\000f\000o\000r\000\040\000C\000o\000n\000v\000e\000r\000g\000e\000n\000c\000e}{chapter.2}% 7
\BOOKMARK [1][]{section.2.3}{\376\377\0002\000.\0003\000\040\000S\000u\000b\000s\000t\000i\000t\000u\000t\000i\000o\000n}{chapter.2}% 8
\BOOKMARK [1][]{section.2.4}{\376\377\0002\000.\0004\000\040\000C\000o\000n\000t\000i\000n\000u\000i\000t\000y\000\040\000o\000f\000\040\000R\000e\000a\000l\000\040\000N\000u\000m\000b\000e\000r\000\040\000S\000y\000s\000t\000e\000m}{chapter.2}% 9
\BOOKMARK [0][]{chapter.3}{\376\377\0003\000\040\000L\000i\000m\000i\000t\000s\000\040\000a\000n\000d\000\040\000C\000o\000n\000t\000i\000n\000u\000i\000t\000y\000\040\000o\000f\000\040\000F\000u\000n\000c\000t\000i\000o\000n\000s}{}% 10
\BOOKMARK [1][]{section.3.1}{\376\377\0003\000.\0001\000\040\000L\000i\000m\000i\000t\000s\000\040\000o\000f\000\040\000F\000u\000n\000c\000t\000i\000o\000n\000s}{chapter.3}% 11
\BOOKMARK [1][]{section.3.2}{\376\377\0003\000.\0002\000\040\000C\000o\000n\000t\000i\000n\000u\000o\000u\000s\000\040\000F\000u\000n\000c\000t\000i\000o\000n\000s}{chapter.3}% 12
\BOOKMARK [1][]{section.3.3}{\376\377\0003\000.\0003\000\040\000I\000n\000f\000i\000n\000i\000t\000e\000s\000i\000m\000a\000l\000\040\000a\000n\000d\000\040\000I\000n\000f\000i\000n\000i\000t\000e\000\040\000Q\000u\000a\000n\000t\000i\000t\000i\000e\000s}{chapter.3}% 13
\BOOKMARK [1][]{section.3.4}{\376\377\0003\000.\0004\000\040\000C\000o\000n\000t\000i\000n\000u\000o\000u\000s\000\040\000F\000u\000n\000c\000t\000i\000o\000n\000s\000\040\000o\000n\000\040\000C\000l\000o\000s\000e\000d\000\040\000I\000n\000t\000e\000r\000v\000a\000l\000s}{chapter.3}% 14
\BOOKMARK [1][]{section.3.5}{\376\377\0003\000.\0005\000\040\000P\000e\000r\000i\000o\000d\000\040\000T\000h\000r\000e\000e\000\040\000I\000m\000p\000l\000i\000e\000s\000\040\000C\000h\000a\000o\000s}{chapter.3}% 15
\BOOKMARK [1][]{section.3.6}{\376\377\0003\000.\0006\000\040\000F\000u\000n\000c\000t\000i\000o\000n\000a\000l\000\040\000E\000q\000u\000a\000t\000i\000o\000n\000s}{chapter.3}% 16
\BOOKMARK [0][]{chapter.4}{\376\377\0004\000\040\000S\000e\000r\000i\000e\000s\000\040\000o\000f\000\040\000N\000u\000m\000b\000e\000r\000s}{}% 17
\BOOKMARK [0][]{chapter.5}{\376\377\0005\000\040\000S\000e\000r\000i\000e\000s\000\040\000o\000f\000\040\000F\000u\000n\000c\000t\000i\000o\000n\000s}{}% 18
\BOOKMARK [0][]{chapter.6}{\376\377\0006\000\040\000P\000o\000w\000e\000r\000\040\000S\000e\000r\000i\000e\000s}{}% 19
\BOOKMARK [0][]{chapter.7}{\376\377\0007\000\040\000L\000i\000m\000i\000t\000s\000\040\000a\000n\000d\000\040\000C\000o\000n\000t\000i\000n\000u\000i\000t\000y\000\040\000i\000n\000\040\000E\000u\000c\000l\000i\000d\000e\000a\000n\000\040\000S\000p\000a\000c\000e\000s}{}% 20
\BOOKMARK [0][]{chapter.8}{\376\377\0008\000\040\000M\000u\000l\000t\000i\000v\000a\000r\000i\000a\000b\000l\000e\000\040\000D\000i\000f\000f\000e\000r\000e\000n\000t\000i\000a\000l\000\040\000C\000a\000l\000c\000u\000l\000u\000s}{}% 21
\BOOKMARK [1][]{section.8.1}{\376\377\0008\000.\0001\000\040\000D\000i\000r\000e\000c\000t\000i\000o\000n\000a\000l\000\040\000D\000e\000r\000i\000v\000a\000t\000i\000v\000e\000s\000\040\000a\000n\000d\000\040\000T\000o\000t\000a\000l\000\040\000D\000i\000f\000f\000e\000r\000e\000n\000t\000i\000a\000l}{chapter.8}% 22
\BOOKMARK [0][]{chapter.9}{\376\377\0009\000\040\000M\000u\000l\000t\000i\000p\000l\000e\000\040\000I\000n\000t\000e\000g\000r\000a\000l\000s}{}% 23
