\BOOKMARK [0][]{chapter*.2}{\376\377\000P\000r\000e\000f\000a\000c\000e}{}% 1
\BOOKMARK [0][]{chapter.1}{\376\377\0001\000\040\000D\000e\000t\000e\000r\000m\000i\000n\000a\000n\000t\000s}{}% 2
\BOOKMARK [1][]{section.1.1}{\376\377\0001\000.\0001\000\040\000S\000p\000e\000c\000i\000a\000l\000\040\000D\000e\000t\000e\000r\000m\000i\000n\000a\000n\000t\000s}{chapter.1}% 3
\BOOKMARK [0][]{chapter.2}{\376\377\0002\000\040\000S\000y\000s\000t\000e\000m\000s\000\040\000o\000f\000\040\000L\000i\000n\000e\000a\000r\000\040\000E\000q\000u\000a\000t\000i\000o\000n\000s}{}% 4
\BOOKMARK [0][]{chapter.3}{\376\377\0003\000\040\000M\000a\000t\000r\000i\000c\000e\000s}{}% 5
\BOOKMARK [1][]{section.3.1}{\376\377\0003\000.\0001\000\040\000B\000a\000s\000i\000c\000\040\000O\000p\000e\000r\000a\000t\000i\000o\000n\000s}{chapter.3}% 6
\BOOKMARK [1][]{section.3.2}{\376\377\0003\000.\0002\000\040\000M\000a\000t\000r\000i\000x\000\040\000E\000q\000u\000i\000v\000a\000l\000e\000n\000c\000e}{chapter.3}% 7
\BOOKMARK [1][]{section.3.3}{\376\377\0003\000.\0003\000\040\000S\000p\000e\000c\000i\000a\000l\000\040\000M\000a\000t\000r\000i\000c\000e\000s}{chapter.3}% 8
\BOOKMARK [1][]{section.3.4}{\376\377\0003\000.\0004\000\040\000I\000n\000v\000e\000r\000s\000e\000\040\000M\000a\000t\000r\000i\000x}{chapter.3}% 9
\BOOKMARK [1][]{section.3.5}{\376\377\0003\000.\0005\000\040\000B\000l\000o\000c\000k\000\040\000M\000a\000t\000r\000i\000x}{chapter.3}% 10
\BOOKMARK [1][]{section.3.6}{\376\377\0003\000.\0006\000\040\000O\000p\000e\000r\000a\000t\000i\000o\000n\000s\000\040\000o\000f\000\040\000R\000a\000n\000k}{chapter.3}% 11
\BOOKMARK [1][]{section.3.7}{\376\377\0003\000.\0007\000\040\000L\000o\000w\000-\000R\000a\000n\000k\000\040\000U\000p\000d\000a\000t\000e}{chapter.3}% 12
\BOOKMARK [0][]{chapter.4}{\376\377\0004\000\040\000L\000i\000n\000e\000a\000r\000\040\000S\000p\000a\000c\000e\000s}{}% 13
\BOOKMARK [1][]{section.4.1}{\376\377\0004\000.\0001\000\040\000L\000i\000n\000e\000a\000r\000\040\000S\000p\000a\000c\000e\000s\000\040\000o\000v\000e\000r\000\040\000t\000h\000e\000\040\000F\000i\000e\000l\000d\000\040\000F}{chapter.4}% 14
\BOOKMARK [2][]{subsection.4.1.1}{\376\377\0004\000.\0001\000.\0001\000\040\000L\000i\000n\000e\000a\000r\000\040\000S\000p\000a\000c\000e\000s}{section.4.1}% 15
\BOOKMARK [2][]{subsection.4.1.2}{\376\377\0004\000.\0001\000.\0002\000\040\000D\000i\000m\000e\000n\000s\000i\000o\000n\000,\000\040\000B\000a\000s\000i\000s\000,\000\040\000a\000n\000d\000\040\000C\000o\000o\000r\000d\000i\000n\000a\000t\000e\000s}{section.4.1}% 16
\BOOKMARK [2][]{subsection.4.1.3}{\376\377\0004\000.\0001\000.\0003\000\040\000B\000a\000s\000i\000s\000\040\000T\000r\000a\000n\000s\000f\000o\000r\000m\000a\000t\000i\000o\000n\000\040\000a\000n\000d\000\040\000C\000o\000o\000r\000d\000i\000n\000a\000t\000e\000\040\000T\000r\000a\000n\000s\000f\000o\000r\000m\000a\000t\000i\000o\000n}{section.4.1}% 17
\BOOKMARK [1][]{section.4.2}{\376\377\0004\000.\0002\000\040\000S\000u\000b\000s\000p\000a\000c\000e\000s}{chapter.4}% 18
\BOOKMARK [2][]{subsection.4.2.1}{\376\377\0004\000.\0002\000.\0001\000\040\000L\000i\000n\000e\000a\000r\000\040\000S\000u\000b\000s\000p\000a\000c\000e\000s}{section.4.2}% 19
\BOOKMARK [2][]{subsection.4.2.2}{\376\377\0004\000.\0002\000.\0002\000\040\000I\000n\000t\000e\000r\000s\000e\000c\000t\000i\000o\000n\000\040\000a\000n\000d\000\040\000S\000u\000m\000\040\000o\000f\000\040\000S\000u\000b\000s\000p\000a\000c\000e\000s}{section.4.2}% 20
\BOOKMARK [2][]{subsection.4.2.3}{\376\377\0004\000.\0002\000.\0003\000\040\000D\000i\000m\000e\000n\000s\000i\000o\000n\000\040\000F\000o\000r\000m\000u\000l\000a}{section.4.2}% 21
\BOOKMARK [2][]{subsection.4.2.4}{\376\377\0004\000.\0002\000.\0004\000\040\000D\000i\000r\000e\000c\000t\000\040\000S\000u\000m\000\040\000o\000f\000\040\000S\000u\000b\000s\000p\000a\000c\000e\000s}{section.4.2}% 22
\BOOKMARK [1][]{section.4.3}{\376\377\0004\000.\0003\000\040\000I\000s\000o\000m\000o\000r\000p\000h\000i\000s\000m\000s}{chapter.4}% 23
\BOOKMARK [1][]{section.4.4}{\376\377\0004\000.\0004\000\040\000Q\000u\000o\000t\000i\000e\000n\000t\000\040\000S\000p\000a\000c\000e\000s}{chapter.4}% 24
\BOOKMARK [0][]{chapter.5}{\376\377\0005\000\040\000L\000i\000n\000e\000a\000r\000\040\000M\000a\000p\000p\000i\000n\000g\000s}{}% 25
\BOOKMARK [1][]{section.5.1}{\376\377\0005\000.\0001\000\040\000L\000i\000n\000e\000a\000r\000\040\000M\000a\000p\000p\000i\000n\000g\000s\000\040\000a\000n\000d\000\040\000T\000h\000e\000i\000r\000\040\000C\000o\000m\000p\000u\000t\000a\000t\000i\000o\000n}{chapter.5}% 26
\BOOKMARK [2][]{subsection.5.1.1}{\376\377\0005\000.\0001\000.\0001\000\040\000D\000e\000f\000i\000n\000i\000t\000i\000o\000n\000\040\000o\000f\000\040\000L\000i\000n\000e\000a\000r\000\040\000M\000a\000p\000p\000i\000n\000g\000s}{section.5.1}% 27
\BOOKMARK [2][]{subsection.5.1.2}{\376\377\0005\000.\0001\000.\0002\000\040\000E\000x\000i\000s\000t\000e\000n\000c\000e\000\040\000a\000n\000d\000\040\000U\000n\000i\000q\000u\000e\000n\000e\000s\000s\000\040\000o\000f\000\040\000L\000i\000n\000e\000a\000r\000\040\000M\000a\000p\000p\000i\000n\000g\000s}{section.5.1}% 28
\BOOKMARK [2][]{subsection.5.1.3}{\376\377\0005\000.\0001\000.\0003\000\040\000O\000p\000e\000r\000a\000t\000i\000o\000n\000s\000\040\000o\000f\000\040\000L\000i\000n\000e\000a\000r\000\040\000M\000a\000p\000p\000i\000n\000g\000s}{section.5.1}% 29
\BOOKMARK [2][]{subsection.5.1.4}{\376\377\0005\000.\0001\000.\0004\000\040\000S\000p\000e\000c\000i\000a\000l\000\040\000L\000i\000n\000e\000a\000r\000\040\000T\000r\000a\000n\000s\000f\000o\000r\000m\000a\000t\000i\000o\000n\000s}{section.5.1}% 30
\BOOKMARK [1][]{section.5.2}{\376\377\0005\000.\0002\000\040\000K\000e\000r\000n\000e\000l\000\040\000a\000n\000d\000\040\000I\000m\000a\000g\000e\000\040\000o\000f\000\040\000L\000i\000n\000e\000a\000r\000\040\000M\000a\000p\000p\000i\000n\000g\000s}{chapter.5}% 31
\BOOKMARK [1][]{section.5.3}{\376\377\0005\000.\0003\000\040\000M\000a\000t\000r\000i\000x\000\040\000R\000e\000p\000r\000e\000s\000e\000n\000t\000a\000t\000i\000o\000n\000\040\000o\000f\000\040\000L\000i\000n\000e\000a\000r\000\040\000M\000a\000p\000p\000i\000n\000g\000s}{chapter.5}% 32
\BOOKMARK [1][]{section.5.4}{\376\377\0005\000.\0004\000\040\000L\000i\000n\000e\000a\000r\000\040\000F\000u\000n\000c\000t\000i\000o\000n\000s\000\040\000a\000n\000d\000\040\000D\000u\000a\000l\000\040\000S\000p\000a\000c\000e\000s\000\040}{chapter.5}% 33
\BOOKMARK [0][]{chapter.6}{\376\377\0006\000\040\000D\000i\000a\000g\000o\000n\000a\000l\000i\000z\000a\000t\000i\000o\000n}{}% 34
\BOOKMARK [1][]{section.6.1}{\376\377\0006\000.\0001\000\040\000S\000i\000m\000i\000l\000a\000r\000i\000t\000y\000\040\000o\000f\000\040\000M\000a\000t\000r\000i\000c\000e\000s}{chapter.6}% 35
\BOOKMARK [1][]{section.6.2}{\376\377\0006\000.\0002\000\040\000E\000i\000g\000e\000n\000v\000e\000c\000t\000o\000r\000s\000\040\000a\000n\000d\000\040\000D\000i\000a\000g\000o\000n\000a\000l\000i\000z\000a\000t\000i\000o\000n}{chapter.6}% 36
\BOOKMARK [2][]{subsection.6.2.1}{\376\377\0006\000.\0002\000.\0001\000\040\000E\000i\000g\000e\000n\000v\000a\000l\000u\000e\000s\000\040\000a\000n\000d\000\040\000E\000i\000g\000e\000n\000v\000e\000c\000t\000o\000r\000s}{section.6.2}% 37
\BOOKMARK [2][]{subsection.6.2.2}{\376\377\0006\000.\0002\000.\0002\000\040\000N\000e\000c\000e\000s\000s\000a\000r\000y\000\040\000a\000n\000d\000\040\000S\000u\000f\000f\000i\000c\000i\000e\000n\000t\000\040\000C\000o\000n\000d\000i\000t\000i\000o\000n\000s\000\040\000f\000o\000r\000\040\000D\000i\000a\000g\000o\000n\000a\000l\000i\000z\000a\000t\000i\000o\000n}{section.6.2}% 38
\BOOKMARK [1][]{section.6.3}{\376\377\0006\000.\0003\000\040\000S\000p\000a\000c\000e\000\040\000D\000e\000c\000o\000m\000p\000o\000s\000i\000t\000i\000o\000n\000\040\000a\000n\000d\000\040\000D\000i\000a\000g\000o\000n\000a\000l\000i\000z\000a\000t\000i\000o\000n}{chapter.6}% 39
\BOOKMARK [2][]{subsection.6.3.1}{\376\377\0006\000.\0003\000.\0001\000\040\000I\000n\000v\000a\000r\000i\000a\000n\000t\000\040\000S\000u\000b\000s\000p\000a\000c\000e}{section.6.3}% 40
\BOOKMARK [2][]{subsection.6.3.2}{\376\377\0006\000.\0003\000.\0002\000\040\000H\000a\000m\000i\000l\000t\000o\000n\000-\000C\000a\000y\000l\000e\000y\000\040\000T\000h\000e\000o\000r\000e\000m}{section.6.3}% 41
\BOOKMARK [1][]{section.6.4}{\376\377\0006\000.\0004\000\040\000L\000e\000a\000s\000t\000\040\000S\000q\000u\000a\000r\000e\000s\000\040\000a\000n\000d\000\040\000D\000i\000a\000g\000o\000n\000a\000l\000i\000z\000a\000t\000i\000o\000n}{chapter.6}% 42
\BOOKMARK [0][]{chapter.7}{\376\377\0007\000\040\000J\000o\000r\000d\000a\000n\000\040\000F\000o\000r\000m\000s}{}% 43
\BOOKMARK [1][]{section.7.1}{\376\377\0007\000.\0001\000\040\000P\000o\000l\000y\000n\000o\000m\000i\000a\000l\000\040\000M\000a\000t\000r\000i\000c\000e\000s}{chapter.7}% 44
\BOOKMARK [1][]{section.7.2}{\376\377\0007\000.\0002\000\040\000I\000n\000v\000a\000r\000i\000a\000n\000t\000\040\000F\000a\000c\000t\000o\000r\000s}{chapter.7}% 45
\BOOKMARK [1][]{section.7.3}{\376\377\0007\000.\0003\000\040\000R\000a\000t\000i\000o\000n\000a\000l\000\040\000C\000a\000n\000o\000n\000i\000c\000a\000l\000\040\000F\000o\000r\000m}{chapter.7}% 46
\BOOKMARK [1][]{section.7.4}{\376\377\0007\000.\0004\000\040\000E\000l\000e\000m\000e\000n\000t\000a\000r\000y\000\040\000D\000i\000v\000i\000s\000o\000r\000s}{chapter.7}% 47
\BOOKMARK [1][]{section.7.5}{\376\377\0007\000.\0005\000\040\000J\000o\000r\000d\000a\000n\000\040\000C\000a\000n\000o\000n\000i\000c\000a\000l\000\040\000F\000o\000r\000m}{chapter.7}% 48
\BOOKMARK [0][]{chapter.8}{\376\377\0008\000\040\000Q\000u\000a\000d\000r\000a\000t\000i\000c\000\040\000F\000o\000r\000m\000s}{}% 49
\BOOKMARK [1][]{section.8.1}{\376\377\0008\000.\0001\000\040\000Q\000u\000a\000d\000r\000a\000t\000i\000c\000\040\000F\000o\000r\000m\000s\000\040\000a\000n\000d\000\040\000T\000h\000e\000i\000r\000\040\000S\000t\000a\000n\000d\000a\000r\000d\000\040\000F\000o\000r\000m\000s}{chapter.8}% 50
\BOOKMARK [1][]{section.8.2}{\376\377\0008\000.\0002\000\040\000C\000a\000n\000o\000n\000i\000c\000a\000l\000\040\000F\000o\000r\000m\000s}{chapter.8}% 51
\BOOKMARK [1][]{section.8.3}{\376\377\0008\000.\0003\000\040\000D\000e\000f\000i\000n\000i\000t\000e\000\040\000Q\000u\000a\000d\000r\000a\000t\000i\000c\000\040\000F\000o\000r\000m\000s}{chapter.8}% 52
\BOOKMARK [0][]{chapter.9}{\376\377\0009\000\040\000I\000n\000n\000e\000r\000\040\000P\000r\000o\000d\000u\000c\000t\000\040\000S\000p\000a\000c\000e\000s}{}% 53
\BOOKMARK [1][]{section.9.1}{\376\377\0009\000.\0001\000\040\000B\000i\000l\000i\000n\000e\000a\000r\000\040\000F\000o\000r\000m\000s}{chapter.9}% 54
\BOOKMARK [1][]{section.9.2}{\376\377\0009\000.\0002\000\040\000R\000e\000a\000l\000\040\000I\000n\000n\000e\000r\000\040\000P\000r\000o\000d\000u\000c\000t\000\040\000S\000p\000a\000c\000e\000s}{chapter.9}% 55
\BOOKMARK [1][]{section.9.3}{\376\377\0009\000.\0003\000\040\000M\000e\000t\000r\000i\000c\000\040\000M\000a\000t\000r\000i\000c\000e\000s\000\040\000a\000n\000d\000\040\000S\000t\000a\000n\000d\000a\000r\000d\000\040\000O\000r\000t\000h\000o\000n\000o\000r\000m\000a\000l\000\040\000B\000a\000s\000e\000s}{chapter.9}% 56
\BOOKMARK [1][]{section.9.4}{\376\377\0009\000.\0004\000\040\000I\000s\000o\000m\000o\000r\000p\000h\000i\000s\000m\000\040\000o\000f\000\040\000R\000e\000a\000l\000\040\000I\000n\000n\000e\000r\000\040\000P\000r\000o\000d\000u\000c\000t\000\040\000S\000p\000a\000c\000e\000s}{chapter.9}% 57
\BOOKMARK [1][]{section.9.5}{\376\377\0009\000.\0005\000\040\000O\000r\000t\000h\000o\000g\000o\000n\000a\000l\000\040\000C\000o\000m\000p\000l\000e\000t\000i\000o\000n\000\040\000a\000n\000d\000\040\000O\000r\000t\000h\000o\000g\000o\000n\000a\000l\000\040\000P\000r\000o\000j\000e\000c\000t\000i\000o\000n}{chapter.9}% 58
\BOOKMARK [2][]{subsection.9.5.1}{\376\377\0009\000.\0005\000.\0001\000\040\000O\000r\000t\000h\000o\000g\000o\000n\000a\000l\000\040\000C\000o\000m\000p\000l\000e\000t\000i\000o\000n}{section.9.5}% 59
\BOOKMARK [2][]{subsection.9.5.2}{\376\377\0009\000.\0005\000.\0002\000\040\000L\000e\000a\000s\000t\000\040\000S\000q\000u\000a\000r\000e\000s\000\040\000M\000e\000t\000h\000o\000d}{section.9.5}% 60
\BOOKMARK [1][]{section.9.6}{\376\377\0009\000.\0006\000\040\000O\000r\000t\000h\000o\000g\000o\000n\000a\000l\000\040\000T\000r\000a\000n\000s\000f\000o\000r\000m\000a\000t\000i\000o\000n\000s\000\040\000a\000n\000d\000\040\000S\000y\000m\000m\000e\000t\000r\000i\000c\000\040\000T\000r\000a\000n\000s\000f\000o\000r\000m\000a\000t\000i\000o\000n\000s}{chapter.9}% 61
\BOOKMARK [2][]{subsection.9.6.1}{\376\377\0009\000.\0006\000.\0001\000\040\000O\000r\000t\000h\000o\000g\000o\000n\000a\000l\000\040\000T\000r\000a\000n\000s\000f\000o\000r\000m\000a\000t\000i\000o\000n\000s}{section.9.6}% 62
\BOOKMARK [2][]{subsection.9.6.2}{\376\377\0009\000.\0006\000.\0002\000\040\000S\000y\000m\000m\000e\000t\000r\000i\000c\000\040\000T\000r\000a\000n\000s\000f\000o\000r\000m\000a\000t\000i\000o\000n\000s}{section.9.6}% 63
\BOOKMARK [1][]{section.9.7}{\376\377\0009\000.\0007\000\040\000U\000n\000i\000t\000a\000r\000y\000\040\000S\000p\000a\000c\000e\000s\000\040\000a\000n\000d\000\040\000U\000n\000i\000t\000a\000r\000y\000\040\000T\000r\000a\000n\000s\000f\000o\000r\000m\000a\000t\000i\000o\000n\000s}{chapter.9}% 64
\BOOKMARK [1][]{section.9.8}{\376\377\0009\000.\0008\000\040\000S\000y\000m\000p\000l\000e\000c\000t\000i\000c\000\040\000S\000p\000a\000c\000e\000s}{chapter.9}% 65
